---------------------------------------------------------------
[ 2018-12-02T00:22:57+08:00 ] 127.0.0.1 POST localhost/blog/public/api/column/index
[运行时间：0.527676s] [吞吐率：1.90req/s] [内存消耗：2,906.74kb] [文件加载：70]
[ info ] [ LANG ] /Applications/MAMP/htdocs/blog/thinkphp/lang/zh-cn.php
[ info ] [ ROUTE ] array (
)
[ info ] [ HEADER ] array (
  'cookie' => 'PHPSESSID=eher8m9ubffctihghjg41gtlaq',
  'accept-language' => 'zh-CN,zh;q=0.9',
  'accept-encoding' => 'gzip, deflate, br',
  'referer' => 'http://localhost:8080/',
  'content-type' => 'application/json;charset=UTF-8',
  'user-agent' => 'Mozilla/5.0 (Macintosh; Intel Mac OS X 10_14_1) AppleWebKit/537.36 (KHTML, like Gecko) Chrome/69.0.3497.100 Safari/537.36 OPR/56.0.3051.104',
  'origin' => 'http://localhost:8080',
  'accept' => 'application/json, text/plain, */*',
  'content-length' => '2',
  'connection' => 'close',
  'host' => 'localhost',
)
[ info ] [ PARAM ] array (
)
[ info ] [ DB ] INIT mysql
[ info ] [ DB ] INIT mysql
[ sql ] [ DB ] CONNECT:[ UseTime:0.002421s ] mysql:host=localhost;port=3306;dbname=blog;charset=utf8
[ sql ] [ SQL ] SHOW COLUMNS FROM `zp_column` [ RunTime:0.055031s ]
[ sql ] [ SQL ] SELECT * FROM `zp_column` LIMIT 0,20 [ RunTime:0.000753s ]
[ sql ] [ DB ] CONNECT:[ UseTime:0.001416s ] mysql:host=localhost;port=3306;dbname=blog;charset=utf8
[ sql ] [ SQL ] SELECT COUNT(*) AS tp_count FROM `zp_column` LIMIT 1 [ RunTime:0.001347s ]
---------------------------------------------------------------
[ 2018-12-02T00:22:59+08:00 ] 127.0.0.1 POST localhost/blog/public/api/article/index
[运行时间：0.055311s] [吞吐率：18.08req/s] [内存消耗：3,028.92kb] [文件加载：70]
[ info ] [ LANG ] /Applications/MAMP/htdocs/blog/thinkphp/lang/zh-cn.php
[ info ] [ ROUTE ] array (
)
[ info ] [ HEADER ] array (
  'cookie' => 'PHPSESSID=eher8m9ubffctihghjg41gtlaq',
  'accept-language' => 'zh-CN,zh;q=0.9',
  'accept-encoding' => 'gzip, deflate, br',
  'referer' => 'http://localhost:8080/',
  'content-type' => 'application/json;charset=UTF-8',
  'user-agent' => 'Mozilla/5.0 (Macintosh; Intel Mac OS X 10_14_1) AppleWebKit/537.36 (KHTML, like Gecko) Chrome/69.0.3497.100 Safari/537.36 OPR/56.0.3051.104',
  'origin' => 'http://localhost:8080',
  'accept' => 'application/json, text/plain, */*',
  'content-length' => '2',
  'connection' => 'close',
  'host' => 'localhost',
)
[ info ] [ PARAM ] array (
)
[ info ] [ DB ] INIT mysql
[ info ] [ DB ] INIT mysql
[ sql ] [ DB ] CONNECT:[ UseTime:0.000597s ] mysql:host=localhost;port=3306;dbname=blog;charset=utf8
[ sql ] [ SQL ] SHOW COLUMNS FROM `zp_article` [ RunTime:0.002201s ]
[ sql ] [ SQL ] SELECT * FROM `zp_article` `a` INNER JOIN `zp_column` `c` ON `c`.`cid`=`a`.`columnid` ORDER BY `a`.`time` DESC LIMIT 0,20 [ RunTime:0.002462s ]
[ sql ] [ DB ] CONNECT:[ UseTime:0.000313s ] mysql:host=localhost;port=3306;dbname=blog;charset=utf8
[ sql ] [ SQL ] SELECT COUNT(*) AS tp_count FROM `zp_article` LIMIT 1 [ RunTime:0.000291s ]
---------------------------------------------------------------
[ 2018-12-02T00:24:06+08:00 ] 127.0.0.1 POST localhost/blog/public/api/column/index
[运行时间：0.060790s] [吞吐率：16.45req/s] [内存消耗：2,906.73kb] [文件加载：70]
[ info ] [ LANG ] /Applications/MAMP/htdocs/blog/thinkphp/lang/zh-cn.php
[ info ] [ ROUTE ] array (
)
[ info ] [ HEADER ] array (
  'cookie' => 'PHPSESSID=eher8m9ubffctihghjg41gtlaq',
  'accept-language' => 'zh-CN,zh;q=0.9',
  'accept-encoding' => 'gzip, deflate, br',
  'referer' => 'http://localhost:8080/',
  'content-type' => 'application/json;charset=UTF-8',
  'user-agent' => 'Mozilla/5.0 (Macintosh; Intel Mac OS X 10_14_1) AppleWebKit/537.36 (KHTML, like Gecko) Chrome/69.0.3497.100 Safari/537.36 OPR/56.0.3051.104',
  'origin' => 'http://localhost:8080',
  'accept' => 'application/json, text/plain, */*',
  'content-length' => '2',
  'connection' => 'close',
  'host' => 'localhost',
)
[ info ] [ PARAM ] array (
)
[ info ] [ DB ] INIT mysql
[ info ] [ DB ] INIT mysql
[ sql ] [ DB ] CONNECT:[ UseTime:0.000417s ] mysql:host=localhost;port=3306;dbname=blog;charset=utf8
[ sql ] [ SQL ] SHOW COLUMNS FROM `zp_column` [ RunTime:0.002003s ]
[ sql ] [ SQL ] SELECT * FROM `zp_column` LIMIT 0,20 [ RunTime:0.000415s ]
[ sql ] [ DB ] CONNECT:[ UseTime:0.000323s ] mysql:host=localhost;port=3306;dbname=blog;charset=utf8
[ sql ] [ SQL ] SELECT COUNT(*) AS tp_count FROM `zp_column` LIMIT 1 [ RunTime:0.000312s ]
---------------------------------------------------------------
[ 2018-12-02T00:24:09+08:00 ] 127.0.0.1 POST localhost/blog/public/api/article/index
[运行时间：0.049752s] [吞吐率：20.10req/s] [内存消耗：3,028.92kb] [文件加载：70]
[ info ] [ LANG ] /Applications/MAMP/htdocs/blog/thinkphp/lang/zh-cn.php
[ info ] [ ROUTE ] array (
)
[ info ] [ HEADER ] array (
  'cookie' => 'PHPSESSID=eher8m9ubffctihghjg41gtlaq',
  'accept-language' => 'zh-CN,zh;q=0.9',
  'accept-encoding' => 'gzip, deflate, br',
  'referer' => 'http://localhost:8080/',
  'content-type' => 'application/json;charset=UTF-8',
  'user-agent' => 'Mozilla/5.0 (Macintosh; Intel Mac OS X 10_14_1) AppleWebKit/537.36 (KHTML, like Gecko) Chrome/69.0.3497.100 Safari/537.36 OPR/56.0.3051.104',
  'origin' => 'http://localhost:8080',
  'accept' => 'application/json, text/plain, */*',
  'content-length' => '2',
  'connection' => 'close',
  'host' => 'localhost',
)
[ info ] [ PARAM ] array (
)
[ info ] [ DB ] INIT mysql
[ info ] [ DB ] INIT mysql
[ sql ] [ DB ] CONNECT:[ UseTime:0.000354s ] mysql:host=localhost;port=3306;dbname=blog;charset=utf8
[ sql ] [ SQL ] SHOW COLUMNS FROM `zp_article` [ RunTime:0.000618s ]
[ sql ] [ SQL ] SELECT * FROM `zp_article` `a` INNER JOIN `zp_column` `c` ON `c`.`cid`=`a`.`columnid` ORDER BY `a`.`time` DESC LIMIT 0,20 [ RunTime:0.000764s ]
[ sql ] [ DB ] CONNECT:[ UseTime:0.000327s ] mysql:host=localhost;port=3306;dbname=blog;charset=utf8
[ sql ] [ SQL ] SELECT COUNT(*) AS tp_count FROM `zp_article` LIMIT 1 [ RunTime:0.000298s ]
---------------------------------------------------------------
[ 2018-12-02T00:28:19+08:00 ] 127.0.0.1 POST localhost/blog/public/apia/column/index
[运行时间：0.056295s] [吞吐率：17.76req/s] [内存消耗：2,907.67kb] [文件加载：70]
[ info ] [ LANG ] /Applications/MAMP/htdocs/blog/thinkphp/lang/zh-cn.php
[ info ] [ ROUTE ] array (
)
[ info ] [ HEADER ] array (
  'cookie' => 'PHPSESSID=eher8m9ubffctihghjg41gtlaq',
  'accept-language' => 'zh-CN,zh;q=0.9',
  'accept-encoding' => 'gzip, deflate, br',
  'referer' => 'http://localhost:8081/',
  'content-type' => 'application/json;charset=UTF-8',
  'user-agent' => 'Mozilla/5.0 (Macintosh; Intel Mac OS X 10_14_1) AppleWebKit/537.36 (KHTML, like Gecko) Chrome/69.0.3497.100 Safari/537.36 OPR/56.0.3051.104',
  'origin' => 'http://localhost:8081',
  'accept' => 'application/json, text/plain, */*',
  'content-length' => '37',
  'connection' => 'close',
  'host' => 'localhost',
)
[ info ] [ PARAM ] array (
  'currpage' => 1,
  'listrows' => 6,
  'total' => 0,
)
[ info ] [ DB ] INIT mysql
[ info ] [ DB ] INIT mysql
[ sql ] [ DB ] CONNECT:[ UseTime:0.000679s ] mysql:host=localhost;port=3306;dbname=blog;charset=utf8
[ sql ] [ SQL ] SHOW COLUMNS FROM `zp_column` [ RunTime:0.000722s ]
[ sql ] [ SQL ] SELECT * FROM `zp_column` LIMIT 0,6 [ RunTime:0.000278s ]
[ sql ] [ DB ] CONNECT:[ UseTime:0.000260s ] mysql:host=localhost;port=3306;dbname=blog;charset=utf8
[ sql ] [ SQL ] SELECT COUNT(*) AS tp_count FROM `zp_column` LIMIT 1 [ RunTime:0.000271s ]
---------------------------------------------------------------
[ 2018-12-02T00:28:23+08:00 ] 127.0.0.1 POST localhost/blog/public/apia/article/index
[运行时间：0.061147s] [吞吐率：16.35req/s] [内存消耗：3,020.71kb] [文件加载：70]
[ info ] [ LANG ] /Applications/MAMP/htdocs/blog/thinkphp/lang/zh-cn.php
[ info ] [ ROUTE ] array (
)
[ info ] [ HEADER ] array (
  'cookie' => 'PHPSESSID=eher8m9ubffctihghjg41gtlaq',
  'accept-language' => 'zh-CN,zh;q=0.9',
  'accept-encoding' => 'gzip, deflate, br',
  'referer' => 'http://localhost:8081/',
  'content-type' => 'application/json;charset=UTF-8',
  'user-agent' => 'Mozilla/5.0 (Macintosh; Intel Mac OS X 10_14_1) AppleWebKit/537.36 (KHTML, like Gecko) Chrome/69.0.3497.100 Safari/537.36 OPR/56.0.3051.104',
  'origin' => 'http://localhost:8081',
  'accept' => 'application/json, text/plain, */*',
  'content-length' => '37',
  'connection' => 'close',
  'host' => 'localhost',
)
[ info ] [ PARAM ] array (
  'currpage' => 1,
  'listrows' => 6,
  'total' => 0,
)
[ info ] [ DB ] INIT mysql
[ info ] [ DB ] INIT mysql
[ sql ] [ DB ] CONNECT:[ UseTime:0.000624s ] mysql:host=localhost;port=3306;dbname=blog;charset=utf8
[ sql ] [ SQL ] SHOW COLUMNS FROM `zp_article` [ RunTime:0.000850s ]
[ sql ] [ SQL ] SELECT * FROM `zp_article` `a` INNER JOIN `zp_column` `c` ON `c`.`cid`=`a`.`columnid` ORDER BY `a`.`time` DESC LIMIT 0,6 [ RunTime:0.001300s ]
[ sql ] [ DB ] CONNECT:[ UseTime:0.000385s ] mysql:host=localhost;port=3306;dbname=blog;charset=utf8
[ sql ] [ SQL ] SELECT COUNT(*) AS tp_count FROM `zp_article` LIMIT 1 [ RunTime:0.000340s ]
---------------------------------------------------------------
[ 2018-12-02T00:28:23+08:00 ] 127.0.0.1 GET localhost/blog/public/apia/article/add?
[运行时间：0.161334s] [吞吐率：6.20req/s] [内存消耗：2,849.63kb] [文件加载：70]
[ info ] [ LANG ] /Applications/MAMP/htdocs/blog/thinkphp/lang/zh-cn.php
[ info ] [ ROUTE ] array (
)
[ info ] [ HEADER ] array (
  'cookie' => 'PHPSESSID=eher8m9ubffctihghjg41gtlaq',
  'accept-language' => 'zh-CN,zh;q=0.9',
  'accept-encoding' => 'gzip, deflate, br',
  'referer' => 'http://localhost:8081/',
  'user-agent' => 'Mozilla/5.0 (Macintosh; Intel Mac OS X 10_14_1) AppleWebKit/537.36 (KHTML, like Gecko) Chrome/69.0.3497.100 Safari/537.36 OPR/56.0.3051.104',
  'accept' => 'application/json, text/plain, */*',
  'connection' => 'close',
  'host' => 'localhost',
)
[ info ] [ PARAM ] array (
)
[ info ] [ DB ] INIT mysql
[ sql ] [ DB ] CONNECT:[ UseTime:0.000575s ] mysql:host=localhost;port=3306;dbname=blog;charset=utf8
[ sql ] [ SQL ] SHOW COLUMNS FROM `zp_column` [ RunTime:0.000852s ]
[ sql ] [ SQL ] SELECT * FROM `zp_column` [ RunTime:0.000322s ]
---------------------------------------------------------------
[ 2018-12-02T00:28:26+08:00 ] 127.0.0.1 POST localhost/blog/public/apia/article/index
[运行时间：0.059214s] [吞吐率：16.89req/s] [内存消耗：3,020.71kb] [文件加载：70]
[ info ] [ LANG ] /Applications/MAMP/htdocs/blog/thinkphp/lang/zh-cn.php
[ info ] [ ROUTE ] array (
)
[ info ] [ HEADER ] array (
  'cookie' => 'PHPSESSID=eher8m9ubffctihghjg41gtlaq',
  'accept-language' => 'zh-CN,zh;q=0.9',
  'accept-encoding' => 'gzip, deflate, br',
  'referer' => 'http://localhost:8081/',
  'content-type' => 'application/json;charset=UTF-8',
  'user-agent' => 'Mozilla/5.0 (Macintosh; Intel Mac OS X 10_14_1) AppleWebKit/537.36 (KHTML, like Gecko) Chrome/69.0.3497.100 Safari/537.36 OPR/56.0.3051.104',
  'origin' => 'http://localhost:8081',
  'accept' => 'application/json, text/plain, */*',
  'content-length' => '38',
  'connection' => 'close',
  'host' => 'localhost',
)
[ info ] [ PARAM ] array (
  'currpage' => 1,
  'listrows' => 6,
  'total' => 13,
)
[ info ] [ DB ] INIT mysql
[ info ] [ DB ] INIT mysql
[ sql ] [ DB ] CONNECT:[ UseTime:0.000444s ] mysql:host=localhost;port=3306;dbname=blog;charset=utf8
[ sql ] [ SQL ] SHOW COLUMNS FROM `zp_article` [ RunTime:0.000703s ]
[ sql ] [ SQL ] SELECT * FROM `zp_article` `a` INNER JOIN `zp_column` `c` ON `c`.`cid`=`a`.`columnid` ORDER BY `a`.`time` DESC LIMIT 0,6 [ RunTime:0.000743s ]
[ sql ] [ DB ] CONNECT:[ UseTime:0.000223s ] mysql:host=localhost;port=3306;dbname=blog;charset=utf8
[ sql ] [ SQL ] SELECT COUNT(*) AS tp_count FROM `zp_article` LIMIT 1 [ RunTime:0.000759s ]
---------------------------------------------------------------
[ 2018-12-02T00:33:10+08:00 ] 127.0.0.1 POST localhost/blog/public/api/article/index
[运行时间：0.061269s] [吞吐率：16.32req/s] [内存消耗：3,028.92kb] [文件加载：70]
[ info ] [ LANG ] /Applications/MAMP/htdocs/blog/thinkphp/lang/zh-cn.php
[ info ] [ ROUTE ] array (
)
[ info ] [ HEADER ] array (
  'cookie' => 'PHPSESSID=eher8m9ubffctihghjg41gtlaq',
  'accept-language' => 'zh-CN,zh;q=0.9',
  'accept-encoding' => 'gzip, deflate, br',
  'referer' => 'http://localhost:8080/',
  'content-type' => 'application/json;charset=UTF-8',
  'user-agent' => 'Mozilla/5.0 (Macintosh; Intel Mac OS X 10_14_1) AppleWebKit/537.36 (KHTML, like Gecko) Chrome/69.0.3497.100 Safari/537.36 OPR/56.0.3051.104',
  'origin' => 'http://localhost:8080',
  'accept' => 'application/json, text/plain, */*',
  'content-length' => '2',
  'connection' => 'close',
  'host' => 'localhost',
)
[ info ] [ PARAM ] array (
)
[ info ] [ DB ] INIT mysql
[ info ] [ DB ] INIT mysql
[ sql ] [ DB ] CONNECT:[ UseTime:0.000490s ] mysql:host=localhost;port=3306;dbname=blog;charset=utf8
[ sql ] [ SQL ] SHOW COLUMNS FROM `zp_article` [ RunTime:0.000988s ]
[ sql ] [ SQL ] SELECT * FROM `zp_article` `a` INNER JOIN `zp_column` `c` ON `c`.`cid`=`a`.`columnid` ORDER BY `a`.`time` DESC LIMIT 0,20 [ RunTime:0.000879s ]
[ sql ] [ DB ] CONNECT:[ UseTime:0.000250s ] mysql:host=localhost;port=3306;dbname=blog;charset=utf8
[ sql ] [ SQL ] SELECT COUNT(*) AS tp_count FROM `zp_article` LIMIT 1 [ RunTime:0.000269s ]
---------------------------------------------------------------
[ 2018-12-02T00:35:52+08:00 ] 127.0.0.1 POST localhost/blog/public/api/column/index
[运行时间：0.044987s] [吞吐率：22.23req/s] [内存消耗：2,906.73kb] [文件加载：70]
[ info ] [ LANG ] /Applications/MAMP/htdocs/blog/thinkphp/lang/zh-cn.php
[ info ] [ ROUTE ] array (
)
[ info ] [ HEADER ] array (
  'cookie' => 'PHPSESSID=eher8m9ubffctihghjg41gtlaq',
  'accept-language' => 'zh-CN,zh;q=0.9',
  'accept-encoding' => 'gzip, deflate, br',
  'referer' => 'http://localhost:8080/',
  'content-type' => 'application/json;charset=UTF-8',
  'user-agent' => 'Mozilla/5.0 (Macintosh; Intel Mac OS X 10_14_1) AppleWebKit/537.36 (KHTML, like Gecko) Chrome/69.0.3497.100 Safari/537.36 OPR/56.0.3051.104',
  'origin' => 'http://localhost:8080',
  'accept' => 'application/json, text/plain, */*',
  'content-length' => '2',
  'connection' => 'close',
  'host' => 'localhost',
)
[ info ] [ PARAM ] array (
)
[ info ] [ DB ] INIT mysql
[ info ] [ DB ] INIT mysql
[ sql ] [ DB ] CONNECT:[ UseTime:0.000482s ] mysql:host=localhost;port=3306;dbname=blog;charset=utf8
[ sql ] [ SQL ] SHOW COLUMNS FROM `zp_column` [ RunTime:0.000584s ]
[ sql ] [ SQL ] SELECT * FROM `zp_column` LIMIT 0,20 [ RunTime:0.000272s ]
[ sql ] [ DB ] CONNECT:[ UseTime:0.000300s ] mysql:host=localhost;port=3306;dbname=blog;charset=utf8
[ sql ] [ SQL ] SELECT COUNT(*) AS tp_count FROM `zp_column` LIMIT 1 [ RunTime:0.000254s ]
---------------------------------------------------------------
[ 2018-12-02T00:39:40+08:00 ] 127.0.0.1 POST localhost/blog/public/apia/article/edit
[运行时间：0.044002s] [吞吐率：22.73req/s] [内存消耗：2,833.52kb] [文件加载：71]
[ info ] [ LANG ] /Applications/MAMP/htdocs/blog/thinkphp/lang/zh-cn.php
[ info ] [ ROUTE ] array (
)
[ info ] [ HEADER ] array (
  'cookie' => 'PHPSESSID=eher8m9ubffctihghjg41gtlaq',
  'accept-language' => 'zh-CN,zh;q=0.9',
  'accept-encoding' => 'gzip, deflate, br',
  'referer' => 'http://localhost:8081/',
  'content-type' => 'application/json;charset=UTF-8',
  'user-agent' => 'Mozilla/5.0 (Macintosh; Intel Mac OS X 10_14_1) AppleWebKit/537.36 (KHTML, like Gecko) Chrome/69.0.3497.100 Safari/537.36 OPR/56.0.3051.104',
  'origin' => 'http://localhost:8081',
  'accept' => 'application/json, text/plain, */*',
  'content-length' => '813',
  'connection' => 'close',
  'host' => 'localhost',
)
[ info ] [ PARAM ] array (
  'id' => 56,
  'title' => '123213',
  'author' => NULL,
  'desc' => NULL,
  'keywords' => NULL,
  'content' => '##### 这是一MARKDOWN编辑器
```html
<div class="demo-drawer-footer">
			<Button type="primary" @click="handleAdd" @keyup.enter="handleAdd" v-if="titleTop == \'add\'">增加</Button>
			<Button type="primary" @click="handleEdit" @keyup.enter="handleEdit" v-else="titleTop == \'edit\'">修改</Button>
			<Button style="margin-left: 8px" @click="handleReset(\'formData\')">重置</Button>
			<Button style="margin-left: 8px" @click="value3 = false">关闭</Button>
		</div>

```

##### 测试一哈有没有什么问题',
  'pic' => '20181130/9684b4df0bb41aa241d504ca54b94f44.jpg',
  'click' => NULL,
  'state' => 0,
  'time' => 1543570435,
  'columnid' => 13,
  'cid' => 13,
  'columnname' => '个人博客',
  'columnurl' => 'blog',
)
[ info ] [ DB ] INIT mysql
[ sql ] [ DB ] CONNECT:[ UseTime:0.000301s ] mysql:host=localhost;port=3306;dbname=blog;charset=utf8
[ sql ] [ SQL ] SHOW COLUMNS FROM `zp_article` [ RunTime:0.000608s ]
[ sql ] [ SQL ] UPDATE `zp_article`  SET `title` = '123213' , `author` = NULL , `desc` = NULL , `keywords` = NULL , `content` = '##### 这是一MARKDOWN编辑器
```html
<div class=\"demo-drawer-footer\">
			<Button type=\"primary\" @click=\"handleAdd\" @keyup.enter=\"handleAdd\" v-if=\"titleTop == \'add\'\">增加</Button>
			<Button type=\"primary\" @click=\"handleEdit\" @keyup.enter=\"handleEdit\" v-else=\"titleTop == \'edit\'\">修改</Button>
			<Button style=\"margin-left: 8px\" @click=\"handleReset(\'formData\')\">重置</Button>
			<Button style=\"margin-left: 8px\" @click=\"value3 = false\">关闭</Button>
		</div>

```

##### 测试一哈有没有什么问题' , `click` = NULL , `time` = 1543682380 , `columnid` = 13 , `pic` = '20181130/9684b4df0bb41aa241d504ca54b94f44.jpg' , `state` = 0  WHERE  `id` = 56 [ RunTime:0.001906s ]
---------------------------------------------------------------
[ 2018-12-02T00:39:44+08:00 ] 127.0.0.1 POST localhost/blog/public/api/column/index
[运行时间：0.049214s] [吞吐率：20.32req/s] [内存消耗：2,906.73kb] [文件加载：70]
[ info ] [ LANG ] /Applications/MAMP/htdocs/blog/thinkphp/lang/zh-cn.php
[ info ] [ ROUTE ] array (
)
[ info ] [ HEADER ] array (
  'cookie' => 'PHPSESSID=eher8m9ubffctihghjg41gtlaq',
  'accept-language' => 'zh-CN,zh;q=0.9',
  'accept-encoding' => 'gzip, deflate, br',
  'referer' => 'http://localhost:8080/',
  'content-type' => 'application/json;charset=UTF-8',
  'user-agent' => 'Mozilla/5.0 (Macintosh; Intel Mac OS X 10_14_1) AppleWebKit/537.36 (KHTML, like Gecko) Chrome/69.0.3497.100 Safari/537.36 OPR/56.0.3051.104',
  'origin' => 'http://localhost:8080',
  'accept' => 'application/json, text/plain, */*',
  'content-length' => '2',
  'connection' => 'close',
  'host' => 'localhost',
)
[ info ] [ PARAM ] array (
)
[ info ] [ DB ] INIT mysql
[ info ] [ DB ] INIT mysql
[ sql ] [ DB ] CONNECT:[ UseTime:0.000376s ] mysql:host=localhost;port=3306;dbname=blog;charset=utf8
[ sql ] [ SQL ] SHOW COLUMNS FROM `zp_column` [ RunTime:0.000555s ]
[ sql ] [ SQL ] SELECT * FROM `zp_column` LIMIT 0,20 [ RunTime:0.000367s ]
[ sql ] [ DB ] CONNECT:[ UseTime:0.000312s ] mysql:host=localhost;port=3306;dbname=blog;charset=utf8
[ sql ] [ SQL ] SELECT COUNT(*) AS tp_count FROM `zp_column` LIMIT 1 [ RunTime:0.000220s ]
---------------------------------------------------------------
[ 2018-12-02T00:40:16+08:00 ] 127.0.0.1 POST localhost/blog/public/api/article/index
[运行时间：0.048269s] [吞吐率：20.72req/s] [内存消耗：3,028.92kb] [文件加载：70]
[ info ] [ LANG ] /Applications/MAMP/htdocs/blog/thinkphp/lang/zh-cn.php
[ info ] [ ROUTE ] array (
)
[ info ] [ HEADER ] array (
  'cookie' => 'PHPSESSID=eher8m9ubffctihghjg41gtlaq',
  'accept-language' => 'zh-CN,zh;q=0.9',
  'accept-encoding' => 'gzip, deflate, br',
  'referer' => 'http://localhost:8080/',
  'content-type' => 'application/json;charset=UTF-8',
  'user-agent' => 'Mozilla/5.0 (Macintosh; Intel Mac OS X 10_14_1) AppleWebKit/537.36 (KHTML, like Gecko) Chrome/69.0.3497.100 Safari/537.36 OPR/56.0.3051.104',
  'origin' => 'http://localhost:8080',
  'accept' => 'application/json, text/plain, */*',
  'content-length' => '2',
  'connection' => 'close',
  'host' => 'localhost',
)
[ info ] [ PARAM ] array (
)
[ info ] [ DB ] INIT mysql
[ info ] [ DB ] INIT mysql
[ sql ] [ DB ] CONNECT:[ UseTime:0.000320s ] mysql:host=localhost;port=3306;dbname=blog;charset=utf8
[ sql ] [ SQL ] SHOW COLUMNS FROM `zp_article` [ RunTime:0.000591s ]
[ sql ] [ SQL ] SELECT * FROM `zp_article` `a` INNER JOIN `zp_column` `c` ON `c`.`cid`=`a`.`columnid` ORDER BY `a`.`time` DESC LIMIT 0,20 [ RunTime:0.000694s ]
[ sql ] [ DB ] CONNECT:[ UseTime:0.000255s ] mysql:host=localhost;port=3306;dbname=blog;charset=utf8
[ sql ] [ SQL ] SELECT COUNT(*) AS tp_count FROM `zp_article` LIMIT 1 [ RunTime:0.000209s ]
---------------------------------------------------------------
[ 2018-12-02T00:43:46+08:00 ] 127.0.0.1 POST localhost/blog/public/api/column/index
[运行时间：0.046593s] [吞吐率：21.46req/s] [内存消耗：2,906.73kb] [文件加载：70]
[ info ] [ LANG ] /Applications/MAMP/htdocs/blog/thinkphp/lang/zh-cn.php
[ info ] [ ROUTE ] array (
)
[ info ] [ HEADER ] array (
  'cookie' => 'PHPSESSID=eher8m9ubffctihghjg41gtlaq',
  'accept-language' => 'zh-CN,zh;q=0.9',
  'accept-encoding' => 'gzip, deflate, br',
  'referer' => 'http://localhost:8080/',
  'content-type' => 'application/json;charset=UTF-8',
  'user-agent' => 'Mozilla/5.0 (Macintosh; Intel Mac OS X 10_14_1) AppleWebKit/537.36 (KHTML, like Gecko) Chrome/69.0.3497.100 Safari/537.36 OPR/56.0.3051.104',
  'origin' => 'http://localhost:8080',
  'accept' => 'application/json, text/plain, */*',
  'content-length' => '2',
  'connection' => 'close',
  'host' => 'localhost',
)
[ info ] [ PARAM ] array (
)
[ info ] [ DB ] INIT mysql
[ info ] [ DB ] INIT mysql
[ sql ] [ DB ] CONNECT:[ UseTime:0.000367s ] mysql:host=localhost;port=3306;dbname=blog;charset=utf8
[ sql ] [ SQL ] SHOW COLUMNS FROM `zp_column` [ RunTime:0.000689s ]
[ sql ] [ SQL ] SELECT * FROM `zp_column` LIMIT 0,20 [ RunTime:0.000274s ]
[ sql ] [ DB ] CONNECT:[ UseTime:0.000257s ] mysql:host=localhost;port=3306;dbname=blog;charset=utf8
[ sql ] [ SQL ] SELECT COUNT(*) AS tp_count FROM `zp_column` LIMIT 1 [ RunTime:0.000266s ]
---------------------------------------------------------------
[ 2018-12-02T00:43:53+08:00 ] 127.0.0.1 POST localhost/blog/public/api/article/index
[运行时间：0.068871s] [吞吐率：14.52req/s] [内存消耗：3,028.92kb] [文件加载：70]
[ info ] [ LANG ] /Applications/MAMP/htdocs/blog/thinkphp/lang/zh-cn.php
[ info ] [ ROUTE ] array (
)
[ info ] [ HEADER ] array (
  'cookie' => 'PHPSESSID=eher8m9ubffctihghjg41gtlaq',
  'accept-language' => 'zh-CN,zh;q=0.9',
  'accept-encoding' => 'gzip, deflate, br',
  'referer' => 'http://localhost:8080/',
  'content-type' => 'application/json;charset=UTF-8',
  'user-agent' => 'Mozilla/5.0 (Macintosh; Intel Mac OS X 10_14_1) AppleWebKit/537.36 (KHTML, like Gecko) Chrome/69.0.3497.100 Safari/537.36 OPR/56.0.3051.104',
  'origin' => 'http://localhost:8080',
  'accept' => 'application/json, text/plain, */*',
  'content-length' => '2',
  'connection' => 'close',
  'host' => 'localhost',
)
[ info ] [ PARAM ] array (
)
[ info ] [ DB ] INIT mysql
[ info ] [ DB ] INIT mysql
[ sql ] [ DB ] CONNECT:[ UseTime:0.000374s ] mysql:host=localhost;port=3306;dbname=blog;charset=utf8
[ sql ] [ SQL ] SHOW COLUMNS FROM `zp_article` [ RunTime:0.000634s ]
[ sql ] [ SQL ] SELECT * FROM `zp_article` `a` INNER JOIN `zp_column` `c` ON `c`.`cid`=`a`.`columnid` ORDER BY `a`.`time` DESC LIMIT 0,20 [ RunTime:0.000714s ]
[ sql ] [ DB ] CONNECT:[ UseTime:0.000236s ] mysql:host=localhost;port=3306;dbname=blog;charset=utf8
[ sql ] [ SQL ] SELECT COUNT(*) AS tp_count FROM `zp_article` LIMIT 1 [ RunTime:0.000238s ]
---------------------------------------------------------------
[ 2018-12-02T00:44:02+08:00 ] 127.0.0.1 POST localhost/blog/public/api/article/index
[运行时间：0.049387s] [吞吐率：20.25req/s] [内存消耗：3,028.92kb] [文件加载：70]
[ info ] [ LANG ] /Applications/MAMP/htdocs/blog/thinkphp/lang/zh-cn.php
[ info ] [ ROUTE ] array (
)
[ info ] [ HEADER ] array (
  'cookie' => 'PHPSESSID=eher8m9ubffctihghjg41gtlaq',
  'accept-language' => 'zh-CN,zh;q=0.9',
  'accept-encoding' => 'gzip, deflate, br',
  'referer' => 'http://localhost:8080/',
  'content-type' => 'application/json;charset=UTF-8',
  'user-agent' => 'Mozilla/5.0 (Macintosh; Intel Mac OS X 10_14_1) AppleWebKit/537.36 (KHTML, like Gecko) Chrome/69.0.3497.100 Safari/537.36 OPR/56.0.3051.104',
  'origin' => 'http://localhost:8080',
  'accept' => 'application/json, text/plain, */*',
  'content-length' => '2',
  'connection' => 'close',
  'host' => 'localhost',
)
[ info ] [ PARAM ] array (
)
[ info ] [ DB ] INIT mysql
[ info ] [ DB ] INIT mysql
[ sql ] [ DB ] CONNECT:[ UseTime:0.000477s ] mysql:host=localhost;port=3306;dbname=blog;charset=utf8
[ sql ] [ SQL ] SHOW COLUMNS FROM `zp_article` [ RunTime:0.000686s ]
[ sql ] [ SQL ] SELECT * FROM `zp_article` `a` INNER JOIN `zp_column` `c` ON `c`.`cid`=`a`.`columnid` ORDER BY `a`.`time` DESC LIMIT 0,20 [ RunTime:0.000805s ]
[ sql ] [ DB ] CONNECT:[ UseTime:0.000257s ] mysql:host=localhost;port=3306;dbname=blog;charset=utf8
[ sql ] [ SQL ] SELECT COUNT(*) AS tp_count FROM `zp_article` LIMIT 1 [ RunTime:0.000226s ]
---------------------------------------------------------------
[ 2018-12-02T00:44:08+08:00 ] 127.0.0.1 POST localhost/blog/public/apia/article/index
[运行时间：0.044922s] [吞吐率：22.26req/s] [内存消耗：3,020.71kb] [文件加载：70]
[ info ] [ LANG ] /Applications/MAMP/htdocs/blog/thinkphp/lang/zh-cn.php
[ info ] [ ROUTE ] array (
)
[ info ] [ HEADER ] array (
  'cookie' => 'PHPSESSID=eher8m9ubffctihghjg41gtlaq',
  'accept-language' => 'zh-CN,zh;q=0.9',
  'accept-encoding' => 'gzip, deflate, br',
  'referer' => 'http://localhost:8081/',
  'content-type' => 'application/json;charset=UTF-8',
  'user-agent' => 'Mozilla/5.0 (Macintosh; Intel Mac OS X 10_14_1) AppleWebKit/537.36 (KHTML, like Gecko) Chrome/69.0.3497.100 Safari/537.36 OPR/56.0.3051.104',
  'origin' => 'http://localhost:8081',
  'accept' => 'application/json, text/plain, */*',
  'content-length' => '38',
  'connection' => 'close',
  'host' => 'localhost',
)
[ info ] [ PARAM ] array (
  'currpage' => 1,
  'listrows' => 6,
  'total' => 13,
)
[ info ] [ DB ] INIT mysql
[ info ] [ DB ] INIT mysql
[ sql ] [ DB ] CONNECT:[ UseTime:0.000318s ] mysql:host=localhost;port=3306;dbname=blog;charset=utf8
[ sql ] [ SQL ] SHOW COLUMNS FROM `zp_article` [ RunTime:0.000644s ]
[ sql ] [ SQL ] SELECT * FROM `zp_article` `a` INNER JOIN `zp_column` `c` ON `c`.`cid`=`a`.`columnid` ORDER BY `a`.`time` DESC LIMIT 0,6 [ RunTime:0.000766s ]
[ sql ] [ DB ] CONNECT:[ UseTime:0.000268s ] mysql:host=localhost;port=3306;dbname=blog;charset=utf8
[ sql ] [ SQL ] SELECT COUNT(*) AS tp_count FROM `zp_article` LIMIT 1 [ RunTime:0.000302s ]
---------------------------------------------------------------
[ 2018-12-02T00:44:13+08:00 ] 127.0.0.1 POST localhost/blog/public/apia/article/index
[运行时间：0.047174s] [吞吐率：21.20req/s] [内存消耗：3,020.71kb] [文件加载：70]
[ info ] [ LANG ] /Applications/MAMP/htdocs/blog/thinkphp/lang/zh-cn.php
[ info ] [ ROUTE ] array (
)
[ info ] [ HEADER ] array (
  'cookie' => 'PHPSESSID=eher8m9ubffctihghjg41gtlaq',
  'accept-language' => 'zh-CN,zh;q=0.9',
  'accept-encoding' => 'gzip, deflate, br',
  'referer' => 'http://localhost:8081/',
  'content-type' => 'application/json;charset=UTF-8',
  'user-agent' => 'Mozilla/5.0 (Macintosh; Intel Mac OS X 10_14_1) AppleWebKit/537.36 (KHTML, like Gecko) Chrome/69.0.3497.100 Safari/537.36 OPR/56.0.3051.104',
  'origin' => 'http://localhost:8081',
  'accept' => 'application/json, text/plain, */*',
  'content-length' => '38',
  'connection' => 'close',
  'host' => 'localhost',
)
[ info ] [ PARAM ] array (
  'currpage' => 1,
  'listrows' => 6,
  'total' => 13,
)
[ info ] [ DB ] INIT mysql
[ info ] [ DB ] INIT mysql
[ sql ] [ DB ] CONNECT:[ UseTime:0.000323s ] mysql:host=localhost;port=3306;dbname=blog;charset=utf8
[ sql ] [ SQL ] SHOW COLUMNS FROM `zp_article` [ RunTime:0.000623s ]
[ sql ] [ SQL ] SELECT * FROM `zp_article` `a` INNER JOIN `zp_column` `c` ON `c`.`cid`=`a`.`columnid` ORDER BY `a`.`time` DESC LIMIT 0,6 [ RunTime:0.000671s ]
[ sql ] [ DB ] CONNECT:[ UseTime:0.000257s ] mysql:host=localhost;port=3306;dbname=blog;charset=utf8
[ sql ] [ SQL ] SELECT COUNT(*) AS tp_count FROM `zp_article` LIMIT 1 [ RunTime:0.000239s ]
---------------------------------------------------------------
[ 2018-12-02T00:44:31+08:00 ] 127.0.0.1 POST localhost/blog/public/apia/article/upload
[运行时间：0.040336s] [吞吐率：24.79req/s] [内存消耗：2,000.07kb] [文件加载：66]
[ info ] [ LANG ] /Applications/MAMP/htdocs/blog/thinkphp/lang/zh-cn.php
[ info ] [ ROUTE ] array (
)
[ info ] [ HEADER ] array (
  'cookie' => 'PHPSESSID=eher8m9ubffctihghjg41gtlaq',
  'accept-language' => 'zh-CN,zh;q=0.9',
  'accept-encoding' => 'gzip, deflate, br',
  'referer' => 'http://localhost:8081/',
  'accept' => '*/*',
  'content-type' => 'multipart/form-data; boundary=----WebKitFormBoundaryQxxOVKzvX5b6TPCN',
  'user-agent' => 'Mozilla/5.0 (Macintosh; Intel Mac OS X 10_14_1) AppleWebKit/537.36 (KHTML, like Gecko) Chrome/69.0.3497.100 Safari/537.36 OPR/56.0.3051.104',
  'origin' => 'http://localhost:8081',
  'content-length' => '202345',
  'connection' => 'close',
  'host' => 'localhost',
)
[ info ] [ PARAM ] array (
)
---------------------------------------------------------------
[ 2018-12-02T00:44:47+08:00 ] 127.0.0.1 POST localhost/blog/public/apia/article/edit
[运行时间：0.046740s] [吞吐率：21.39req/s] [内存消耗：2,913.49kb] [文件加载：75]
[ info ] [ LANG ] /Applications/MAMP/htdocs/blog/thinkphp/lang/zh-cn.php
[ info ] [ ROUTE ] array (
)
[ info ] [ HEADER ] array (
  'cookie' => 'PHPSESSID=eher8m9ubffctihghjg41gtlaq',
  'accept-language' => 'zh-CN,zh;q=0.9',
  'accept-encoding' => 'gzip, deflate, br',
  'referer' => 'http://localhost:8081/',
  'content-type' => 'application/json;charset=UTF-8',
  'user-agent' => 'Mozilla/5.0 (Macintosh; Intel Mac OS X 10_14_1) AppleWebKit/537.36 (KHTML, like Gecko) Chrome/69.0.3497.100 Safari/537.36 OPR/56.0.3051.104',
  'origin' => 'http://localhost:8081',
  'accept' => 'application/json, text/plain, */*',
  'content-length' => '197',
  'connection' => 'close',
  'host' => 'localhost',
)
[ info ] [ PARAM ] array (
  'state' => 1,
  'columnid' => 13,
  'content' => '##### 编辑测试	',
  'title' => '测试文章',
  'author' => 'admin',
  'keywords' => 'vue',
  'desc' => '这是一个摘要',
  'pic' => '20181202/82bc1e7eab9a653035ff2865e8c68f21.jpg',
)
[ info ] [ DB ] INIT mysql
[ sql ] [ DB ] CONNECT:[ UseTime:0.000405s ] mysql:host=localhost;port=3306;dbname=blog;charset=utf8
[ sql ] [ SQL ] SHOW COLUMNS FROM `zp_article` [ RunTime:0.000654s ]
[ error ] [0]缺少更新条件[/Applications/MAMP/htdocs/blog/thinkphp/library/think/db/Connection.php:1121]
---------------------------------------------------------------
[ 2018-12-02T00:44:47+08:00 ] 127.0.0.1 POST localhost/blog/public/apia/article/edit
[运行时间：0.043343s] [吞吐率：23.07req/s] [内存消耗：2,913.49kb] [文件加载：75]
[ info ] [ LANG ] /Applications/MAMP/htdocs/blog/thinkphp/lang/zh-cn.php
[ info ] [ ROUTE ] array (
)
[ info ] [ HEADER ] array (
  'cookie' => 'PHPSESSID=eher8m9ubffctihghjg41gtlaq',
  'accept-language' => 'zh-CN,zh;q=0.9',
  'accept-encoding' => 'gzip, deflate, br',
  'referer' => 'http://localhost:8081/',
  'content-type' => 'application/json;charset=UTF-8',
  'user-agent' => 'Mozilla/5.0 (Macintosh; Intel Mac OS X 10_14_1) AppleWebKit/537.36 (KHTML, like Gecko) Chrome/69.0.3497.100 Safari/537.36 OPR/56.0.3051.104',
  'origin' => 'http://localhost:8081',
  'accept' => 'application/json, text/plain, */*',
  'content-length' => '199',
  'connection' => 'close',
  'host' => 'localhost',
)
[ info ] [ PARAM ] array (
  'state' => 1,
  'columnid' => 13,
  'content' => '##### 编辑测试	
',
  'title' => '测试文章',
  'author' => 'admin',
  'keywords' => 'vue',
  'desc' => '这是一个摘要',
  'pic' => '20181202/82bc1e7eab9a653035ff2865e8c68f21.jpg',
)
[ info ] [ DB ] INIT mysql
[ sql ] [ DB ] CONNECT:[ UseTime:0.000426s ] mysql:host=localhost;port=3306;dbname=blog;charset=utf8
[ sql ] [ SQL ] SHOW COLUMNS FROM `zp_article` [ RunTime:0.000656s ]
[ error ] [0]缺少更新条件[/Applications/MAMP/htdocs/blog/thinkphp/library/think/db/Connection.php:1121]
---------------------------------------------------------------
[ 2018-12-02T00:44:50+08:00 ] 127.0.0.1 POST localhost/blog/public/apia/article/edit
[运行时间：0.058667s] [吞吐率：17.05req/s] [内存消耗：2,913.53kb] [文件加载：75]
[ info ] [ LANG ] /Applications/MAMP/htdocs/blog/thinkphp/lang/zh-cn.php
[ info ] [ ROUTE ] array (
)
[ info ] [ HEADER ] array (
  'cookie' => 'PHPSESSID=eher8m9ubffctihghjg41gtlaq',
  'accept-language' => 'zh-CN,zh;q=0.9',
  'accept-encoding' => 'gzip, deflate, br',
  'referer' => 'http://localhost:8081/',
  'content-type' => 'application/json;charset=UTF-8',
  'user-agent' => 'Mozilla/5.0 (Macintosh; Intel Mac OS X 10_14_1) AppleWebKit/537.36 (KHTML, like Gecko) Chrome/69.0.3497.100 Safari/537.36 OPR/56.0.3051.104',
  'origin' => 'http://localhost:8081',
  'accept' => 'application/json, text/plain, */*',
  'content-length' => '204',
  'connection' => 'close',
  'host' => 'localhost',
)
[ info ] [ PARAM ] array (
  'state' => 1,
  'columnid' => 13,
  'content' => '##### 编辑测试	

```',
  'title' => '测试文章',
  'author' => 'admin',
  'keywords' => 'vue',
  'desc' => '这是一个摘要',
  'pic' => '20181202/82bc1e7eab9a653035ff2865e8c68f21.jpg',
)
[ info ] [ DB ] INIT mysql
[ sql ] [ DB ] CONNECT:[ UseTime:0.000582s ] mysql:host=localhost;port=3306;dbname=blog;charset=utf8
[ sql ] [ SQL ] SHOW COLUMNS FROM `zp_article` [ RunTime:0.000796s ]
[ error ] [0]缺少更新条件[/Applications/MAMP/htdocs/blog/thinkphp/library/think/db/Connection.php:1121]
---------------------------------------------------------------
[ 2018-12-02T00:44:51+08:00 ] 127.0.0.1 POST localhost/blog/public/apia/article/edit
[运行时间：0.042865s] [吞吐率：23.33req/s] [内存消耗：2,913.53kb] [文件加载：75]
[ info ] [ LANG ] /Applications/MAMP/htdocs/blog/thinkphp/lang/zh-cn.php
[ info ] [ ROUTE ] array (
)
[ info ] [ HEADER ] array (
  'cookie' => 'PHPSESSID=eher8m9ubffctihghjg41gtlaq',
  'accept-language' => 'zh-CN,zh;q=0.9',
  'accept-encoding' => 'gzip, deflate, br',
  'referer' => 'http://localhost:8081/',
  'content-type' => 'application/json;charset=UTF-8',
  'user-agent' => 'Mozilla/5.0 (Macintosh; Intel Mac OS X 10_14_1) AppleWebKit/537.36 (KHTML, like Gecko) Chrome/69.0.3497.100 Safari/537.36 OPR/56.0.3051.104',
  'origin' => 'http://localhost:8081',
  'accept' => 'application/json, text/plain, */*',
  'content-length' => '209',
  'connection' => 'close',
  'host' => 'localhost',
)
[ info ] [ PARAM ] array (
  'state' => 1,
  'columnid' => 13,
  'content' => '##### 编辑测试	

```
```',
  'title' => '测试文章',
  'author' => 'admin',
  'keywords' => 'vue',
  'desc' => '这是一个摘要',
  'pic' => '20181202/82bc1e7eab9a653035ff2865e8c68f21.jpg',
)
[ info ] [ DB ] INIT mysql
[ sql ] [ DB ] CONNECT:[ UseTime:0.000408s ] mysql:host=localhost;port=3306;dbname=blog;charset=utf8
[ sql ] [ SQL ] SHOW COLUMNS FROM `zp_article` [ RunTime:0.000602s ]
[ error ] [0]缺少更新条件[/Applications/MAMP/htdocs/blog/thinkphp/library/think/db/Connection.php:1121]
---------------------------------------------------------------
[ 2018-12-02T00:44:55+08:00 ] 127.0.0.1 POST localhost/blog/public/apia/article/edit
[运行时间：0.044733s] [吞吐率：22.35req/s] [内存消耗：2,913.54kb] [文件加载：75]
[ info ] [ LANG ] /Applications/MAMP/htdocs/blog/thinkphp/lang/zh-cn.php
[ info ] [ ROUTE ] array (
)
[ info ] [ HEADER ] array (
  'cookie' => 'PHPSESSID=eher8m9ubffctihghjg41gtlaq',
  'accept-language' => 'zh-CN,zh;q=0.9',
  'accept-encoding' => 'gzip, deflate, br',
  'referer' => 'http://localhost:8081/',
  'content-type' => 'application/json;charset=UTF-8',
  'user-agent' => 'Mozilla/5.0 (Macintosh; Intel Mac OS X 10_14_1) AppleWebKit/537.36 (KHTML, like Gecko) Chrome/69.0.3497.100 Safari/537.36 OPR/56.0.3051.104',
  'origin' => 'http://localhost:8081',
  'accept' => 'application/json, text/plain, */*',
  'content-length' => '216',
  'connection' => 'close',
  'host' => 'localhost',
)
[ info ] [ PARAM ] array (
  'state' => 1,
  'columnid' => 13,
  'content' => '##### 编辑测试	

```
<div>
```',
  'title' => '测试文章',
  'author' => 'admin',
  'keywords' => 'vue',
  'desc' => '这是一个摘要',
  'pic' => '20181202/82bc1e7eab9a653035ff2865e8c68f21.jpg',
)
[ info ] [ DB ] INIT mysql
[ sql ] [ DB ] CONNECT:[ UseTime:0.000435s ] mysql:host=localhost;port=3306;dbname=blog;charset=utf8
[ sql ] [ SQL ] SHOW COLUMNS FROM `zp_article` [ RunTime:0.000649s ]
[ error ] [0]缺少更新条件[/Applications/MAMP/htdocs/blog/thinkphp/library/think/db/Connection.php:1121]
---------------------------------------------------------------
[ 2018-12-02T00:44:55+08:00 ] 127.0.0.1 POST localhost/blog/public/apia/article/edit
[运行时间：0.045423s] [吞吐率：22.02req/s] [内存消耗：2,913.54kb] [文件加载：75]
[ info ] [ LANG ] /Applications/MAMP/htdocs/blog/thinkphp/lang/zh-cn.php
[ info ] [ ROUTE ] array (
)
[ info ] [ HEADER ] array (
  'cookie' => 'PHPSESSID=eher8m9ubffctihghjg41gtlaq',
  'accept-language' => 'zh-CN,zh;q=0.9',
  'accept-encoding' => 'gzip, deflate, br',
  'referer' => 'http://localhost:8081/',
  'content-type' => 'application/json;charset=UTF-8',
  'user-agent' => 'Mozilla/5.0 (Macintosh; Intel Mac OS X 10_14_1) AppleWebKit/537.36 (KHTML, like Gecko) Chrome/69.0.3497.100 Safari/537.36 OPR/56.0.3051.104',
  'origin' => 'http://localhost:8081',
  'accept' => 'application/json, text/plain, */*',
  'content-length' => '218',
  'connection' => 'close',
  'host' => 'localhost',
)
[ info ] [ PARAM ] array (
  'state' => 1,
  'columnid' => 13,
  'content' => '##### 编辑测试	

```
<div>

```',
  'title' => '测试文章',
  'author' => 'admin',
  'keywords' => 'vue',
  'desc' => '这是一个摘要',
  'pic' => '20181202/82bc1e7eab9a653035ff2865e8c68f21.jpg',
)
[ info ] [ DB ] INIT mysql
[ sql ] [ DB ] CONNECT:[ UseTime:0.000428s ] mysql:host=localhost;port=3306;dbname=blog;charset=utf8
[ sql ] [ SQL ] SHOW COLUMNS FROM `zp_article` [ RunTime:0.000656s ]
[ error ] [0]缺少更新条件[/Applications/MAMP/htdocs/blog/thinkphp/library/think/db/Connection.php:1121]
---------------------------------------------------------------
[ 2018-12-02T00:45:11+08:00 ] 127.0.0.1 POST localhost/blog/public/apia/article/edit
[运行时间：0.042231s] [吞吐率：23.68req/s] [内存消耗：2,913.76kb] [文件加载：75]
[ info ] [ LANG ] /Applications/MAMP/htdocs/blog/thinkphp/lang/zh-cn.php
[ info ] [ ROUTE ] array (
)
[ info ] [ HEADER ] array (
  'cookie' => 'PHPSESSID=eher8m9ubffctihghjg41gtlaq',
  'accept-language' => 'zh-CN,zh;q=0.9',
  'accept-encoding' => 'gzip, deflate, br',
  'referer' => 'http://localhost:8081/',
  'content-type' => 'application/json;charset=UTF-8',
  'user-agent' => 'Mozilla/5.0 (Macintosh; Intel Mac OS X 10_14_1) AppleWebKit/537.36 (KHTML, like Gecko) Chrome/69.0.3497.100 Safari/537.36 OPR/56.0.3051.104',
  'origin' => 'http://localhost:8081',
  'accept' => 'application/json, text/plain, */*',
  'content-length' => '241',
  'connection' => 'close',
  'host' => 'localhost',
)
[ info ] [ PARAM ] array (
  'state' => 1,
  'columnid' => 13,
  'content' => '##### 编辑测试	

```
<div>
	<p>测试</p>
</div>
```',
  'title' => '测试文章',
  'author' => 'admin',
  'keywords' => 'vue',
  'desc' => '这是一个摘要',
  'pic' => '20181202/82bc1e7eab9a653035ff2865e8c68f21.jpg',
)
[ info ] [ DB ] INIT mysql
[ sql ] [ DB ] CONNECT:[ UseTime:0.000433s ] mysql:host=localhost;port=3306;dbname=blog;charset=utf8
[ sql ] [ SQL ] SHOW COLUMNS FROM `zp_article` [ RunTime:0.000705s ]
[ error ] [0]缺少更新条件[/Applications/MAMP/htdocs/blog/thinkphp/library/think/db/Connection.php:1121]
---------------------------------------------------------------
[ 2018-12-02T00:45:11+08:00 ] 127.0.0.1 POST localhost/blog/public/apia/article/edit
[运行时间：0.045966s] [吞吐率：21.76req/s] [内存消耗：2,913.76kb] [文件加载：75]
[ info ] [ LANG ] /Applications/MAMP/htdocs/blog/thinkphp/lang/zh-cn.php
[ info ] [ ROUTE ] array (
)
[ info ] [ HEADER ] array (
  'cookie' => 'PHPSESSID=eher8m9ubffctihghjg41gtlaq',
  'accept-language' => 'zh-CN,zh;q=0.9',
  'accept-encoding' => 'gzip, deflate, br',
  'referer' => 'http://localhost:8081/',
  'content-type' => 'application/json;charset=UTF-8',
  'user-agent' => 'Mozilla/5.0 (Macintosh; Intel Mac OS X 10_14_1) AppleWebKit/537.36 (KHTML, like Gecko) Chrome/69.0.3497.100 Safari/537.36 OPR/56.0.3051.104',
  'origin' => 'http://localhost:8081',
  'accept' => 'application/json, text/plain, */*',
  'content-length' => '243',
  'connection' => 'close',
  'host' => 'localhost',
)
[ info ] [ PARAM ] array (
  'state' => 1,
  'columnid' => 13,
  'content' => '##### 编辑测试	

```
<div>
	<p>测试</p>
</div>
```
',
  'title' => '测试文章',
  'author' => 'admin',
  'keywords' => 'vue',
  'desc' => '这是一个摘要',
  'pic' => '20181202/82bc1e7eab9a653035ff2865e8c68f21.jpg',
)
[ info ] [ DB ] INIT mysql
[ sql ] [ DB ] CONNECT:[ UseTime:0.000328s ] mysql:host=localhost;port=3306;dbname=blog;charset=utf8
[ sql ] [ SQL ] SHOW COLUMNS FROM `zp_article` [ RunTime:0.000636s ]
[ error ] [0]缺少更新条件[/Applications/MAMP/htdocs/blog/thinkphp/library/think/db/Connection.php:1121]
---------------------------------------------------------------
[ 2018-12-02T00:45:15+08:00 ] 127.0.0.1 POST localhost/blog/public/apia/article/add
[运行时间：0.043527s] [吞吐率：22.97req/s] [内存消耗：2,829.35kb] [文件加载：71]
[ info ] [ LANG ] /Applications/MAMP/htdocs/blog/thinkphp/lang/zh-cn.php
[ info ] [ ROUTE ] array (
)
[ info ] [ HEADER ] array (
  'cookie' => 'PHPSESSID=eher8m9ubffctihghjg41gtlaq',
  'accept-language' => 'zh-CN,zh;q=0.9',
  'accept-encoding' => 'gzip, deflate, br',
  'referer' => 'http://localhost:8081/',
  'content-type' => 'application/json;charset=UTF-8',
  'user-agent' => 'Mozilla/5.0 (Macintosh; Intel Mac OS X 10_14_1) AppleWebKit/537.36 (KHTML, like Gecko) Chrome/69.0.3497.100 Safari/537.36 OPR/56.0.3051.104',
  'origin' => 'http://localhost:8081',
  'accept' => 'application/json, text/plain, */*',
  'content-length' => '245',
  'connection' => 'close',
  'host' => 'localhost',
)
[ info ] [ PARAM ] array (
  'state' => 1,
  'columnid' => 13,
  'content' => '##### 编辑测试	

```
<div>
	<p>测试</p>
</div>
```

',
  'title' => '测试文章',
  'author' => 'admin',
  'keywords' => 'vue',
  'desc' => '这是一个摘要',
  'pic' => '20181202/82bc1e7eab9a653035ff2865e8c68f21.jpg',
)
[ info ] [ DB ] INIT mysql
[ sql ] [ DB ] CONNECT:[ UseTime:0.000362s ] mysql:host=localhost;port=3306;dbname=blog;charset=utf8
[ sql ] [ SQL ] SHOW COLUMNS FROM `zp_article` [ RunTime:0.000926s ]
[ sql ] [ SQL ] INSERT INTO `zp_article` (`title` , `author` , `desc` , `keywords` , `content` , `click` , `state` , `time` , `columnid` , `pic`) VALUES ('测试文章' , 'admin' , '这是一个摘要' , 'vue' , '##### 编辑测试	

```
<div>
	<p>测试</p>
</div>
```

' , NULL , 1 , 1543682715 , 13 , '20181202/82bc1e7eab9a653035ff2865e8c68f21.jpg') [ RunTime:0.002381s ]
---------------------------------------------------------------
[ 2018-12-02T00:45:16+08:00 ] 127.0.0.1 POST localhost/blog/public/apia/article/index
[运行时间：0.050947s] [吞吐率：19.63req/s] [内存消耗：3,020.77kb] [文件加载：70]
[ info ] [ LANG ] /Applications/MAMP/htdocs/blog/thinkphp/lang/zh-cn.php
[ info ] [ ROUTE ] array (
)
[ info ] [ HEADER ] array (
  'cookie' => 'PHPSESSID=eher8m9ubffctihghjg41gtlaq',
  'accept-language' => 'zh-CN,zh;q=0.9',
  'accept-encoding' => 'gzip, deflate, br',
  'referer' => 'http://localhost:8081/',
  'content-type' => 'application/json;charset=UTF-8',
  'user-agent' => 'Mozilla/5.0 (Macintosh; Intel Mac OS X 10_14_1) AppleWebKit/537.36 (KHTML, like Gecko) Chrome/69.0.3497.100 Safari/537.36 OPR/56.0.3051.104',
  'origin' => 'http://localhost:8081',
  'accept' => 'application/json, text/plain, */*',
  'content-length' => '38',
  'connection' => 'close',
  'host' => 'localhost',
)
[ info ] [ PARAM ] array (
  'currpage' => 1,
  'listrows' => 6,
  'total' => 13,
)
[ info ] [ DB ] INIT mysql
[ info ] [ DB ] INIT mysql
[ sql ] [ DB ] CONNECT:[ UseTime:0.000469s ] mysql:host=localhost;port=3306;dbname=blog;charset=utf8
[ sql ] [ SQL ] SHOW COLUMNS FROM `zp_article` [ RunTime:0.000663s ]
[ sql ] [ SQL ] SELECT * FROM `zp_article` `a` INNER JOIN `zp_column` `c` ON `c`.`cid`=`a`.`columnid` ORDER BY `a`.`time` DESC LIMIT 0,6 [ RunTime:0.000768s ]
[ sql ] [ DB ] CONNECT:[ UseTime:0.000247s ] mysql:host=localhost;port=3306;dbname=blog;charset=utf8
[ sql ] [ SQL ] SELECT COUNT(*) AS tp_count FROM `zp_article` LIMIT 1 [ RunTime:0.000239s ]
---------------------------------------------------------------
[ 2018-12-02T00:45:20+08:00 ] 127.0.0.1 POST localhost/blog/public/api/article/index
[运行时间：0.048220s] [吞吐率：20.74req/s] [内存消耗：3,029.34kb] [文件加载：70]
[ info ] [ LANG ] /Applications/MAMP/htdocs/blog/thinkphp/lang/zh-cn.php
[ info ] [ ROUTE ] array (
)
[ info ] [ HEADER ] array (
  'cookie' => 'PHPSESSID=eher8m9ubffctihghjg41gtlaq',
  'accept-language' => 'zh-CN,zh;q=0.9',
  'accept-encoding' => 'gzip, deflate, br',
  'referer' => 'http://localhost:8080/',
  'content-type' => 'application/json;charset=UTF-8',
  'user-agent' => 'Mozilla/5.0 (Macintosh; Intel Mac OS X 10_14_1) AppleWebKit/537.36 (KHTML, like Gecko) Chrome/69.0.3497.100 Safari/537.36 OPR/56.0.3051.104',
  'origin' => 'http://localhost:8080',
  'accept' => 'application/json, text/plain, */*',
  'content-length' => '2',
  'connection' => 'close',
  'host' => 'localhost',
)
[ info ] [ PARAM ] array (
)
[ info ] [ DB ] INIT mysql
[ info ] [ DB ] INIT mysql
[ sql ] [ DB ] CONNECT:[ UseTime:0.000583s ] mysql:host=localhost;port=3306;dbname=blog;charset=utf8
[ sql ] [ SQL ] SHOW COLUMNS FROM `zp_article` [ RunTime:0.000639s ]
[ sql ] [ SQL ] SELECT * FROM `zp_article` `a` INNER JOIN `zp_column` `c` ON `c`.`cid`=`a`.`columnid` ORDER BY `a`.`time` DESC LIMIT 0,20 [ RunTime:0.000687s ]
[ sql ] [ DB ] CONNECT:[ UseTime:0.000219s ] mysql:host=localhost;port=3306;dbname=blog;charset=utf8
[ sql ] [ SQL ] SELECT COUNT(*) AS tp_count FROM `zp_article` LIMIT 1 [ RunTime:0.000209s ]
---------------------------------------------------------------
[ 2018-12-02T00:45:39+08:00 ] 127.0.0.1 POST localhost/blog/public/api/article/index
[运行时间：0.053150s] [吞吐率：18.81req/s] [内存消耗：3,029.34kb] [文件加载：70]
[ info ] [ LANG ] /Applications/MAMP/htdocs/blog/thinkphp/lang/zh-cn.php
[ info ] [ ROUTE ] array (
)
[ info ] [ HEADER ] array (
  'cookie' => 'PHPSESSID=eher8m9ubffctihghjg41gtlaq',
  'accept-language' => 'zh-CN,zh;q=0.9',
  'accept-encoding' => 'gzip, deflate, br',
  'referer' => 'http://localhost:8080/',
  'content-type' => 'application/json;charset=UTF-8',
  'user-agent' => 'Mozilla/5.0 (Macintosh; Intel Mac OS X 10_14_1) AppleWebKit/537.36 (KHTML, like Gecko) Chrome/69.0.3497.100 Safari/537.36 OPR/56.0.3051.104',
  'origin' => 'http://localhost:8080',
  'accept' => 'application/json, text/plain, */*',
  'content-length' => '2',
  'connection' => 'close',
  'host' => 'localhost',
)
[ info ] [ PARAM ] array (
)
[ info ] [ DB ] INIT mysql
[ info ] [ DB ] INIT mysql
[ sql ] [ DB ] CONNECT:[ UseTime:0.000304s ] mysql:host=localhost;port=3306;dbname=blog;charset=utf8
[ sql ] [ SQL ] SHOW COLUMNS FROM `zp_article` [ RunTime:0.000598s ]
[ sql ] [ SQL ] SELECT * FROM `zp_article` `a` INNER JOIN `zp_column` `c` ON `c`.`cid`=`a`.`columnid` ORDER BY `a`.`time` DESC LIMIT 0,20 [ RunTime:0.000703s ]
[ sql ] [ DB ] CONNECT:[ UseTime:0.000232s ] mysql:host=localhost;port=3306;dbname=blog;charset=utf8
[ sql ] [ SQL ] SELECT COUNT(*) AS tp_count FROM `zp_article` LIMIT 1 [ RunTime:0.000215s ]
---------------------------------------------------------------
[ 2018-12-02T00:46:07+08:00 ] 127.0.0.1 POST localhost/blog/public/api/article/index
[运行时间：0.052103s] [吞吐率：19.19req/s] [内存消耗：3,029.34kb] [文件加载：70]
[ info ] [ LANG ] /Applications/MAMP/htdocs/blog/thinkphp/lang/zh-cn.php
[ info ] [ ROUTE ] array (
)
[ info ] [ HEADER ] array (
  'cookie' => 'PHPSESSID=eher8m9ubffctihghjg41gtlaq',
  'accept-language' => 'zh-CN,zh;q=0.9',
  'accept-encoding' => 'gzip, deflate, br',
  'referer' => 'http://localhost:8080/',
  'content-type' => 'application/json;charset=UTF-8',
  'user-agent' => 'Mozilla/5.0 (Macintosh; Intel Mac OS X 10_14_1) AppleWebKit/537.36 (KHTML, like Gecko) Chrome/69.0.3497.100 Safari/537.36 OPR/56.0.3051.104',
  'origin' => 'http://localhost:8080',
  'accept' => 'application/json, text/plain, */*',
  'content-length' => '2',
  'connection' => 'close',
  'host' => 'localhost',
)
[ info ] [ PARAM ] array (
)
[ info ] [ DB ] INIT mysql
[ info ] [ DB ] INIT mysql
[ sql ] [ DB ] CONNECT:[ UseTime:0.000358s ] mysql:host=localhost;port=3306;dbname=blog;charset=utf8
[ sql ] [ SQL ] SHOW COLUMNS FROM `zp_article` [ RunTime:0.000696s ]
[ sql ] [ SQL ] SELECT * FROM `zp_article` `a` INNER JOIN `zp_column` `c` ON `c`.`cid`=`a`.`columnid` ORDER BY `a`.`time` DESC LIMIT 0,20 [ RunTime:0.001216s ]
[ sql ] [ DB ] CONNECT:[ UseTime:0.000319s ] mysql:host=localhost;port=3306;dbname=blog;charset=utf8
[ sql ] [ SQL ] SELECT COUNT(*) AS tp_count FROM `zp_article` LIMIT 1 [ RunTime:0.000334s ]
---------------------------------------------------------------
[ 2018-12-02T00:49:36+08:00 ] 127.0.0.1 POST localhost/blog/public/api/article/index
[运行时间：0.043917s] [吞吐率：22.77req/s] [内存消耗：3,029.34kb] [文件加载：70]
[ info ] [ LANG ] /Applications/MAMP/htdocs/blog/thinkphp/lang/zh-cn.php
[ info ] [ ROUTE ] array (
)
[ info ] [ HEADER ] array (
  'cookie' => 'PHPSESSID=eher8m9ubffctihghjg41gtlaq',
  'accept-language' => 'zh-CN,zh;q=0.9',
  'accept-encoding' => 'gzip, deflate, br',
  'referer' => 'http://localhost:8080/',
  'content-type' => 'application/json;charset=UTF-8',
  'user-agent' => 'Mozilla/5.0 (Macintosh; Intel Mac OS X 10_14_1) AppleWebKit/537.36 (KHTML, like Gecko) Chrome/69.0.3497.100 Safari/537.36 OPR/56.0.3051.104',
  'origin' => 'http://localhost:8080',
  'accept' => 'application/json, text/plain, */*',
  'content-length' => '2',
  'connection' => 'close',
  'host' => 'localhost',
)
[ info ] [ PARAM ] array (
)
[ info ] [ DB ] INIT mysql
[ info ] [ DB ] INIT mysql
[ sql ] [ DB ] CONNECT:[ UseTime:0.000307s ] mysql:host=localhost;port=3306;dbname=blog;charset=utf8
[ sql ] [ SQL ] SHOW COLUMNS FROM `zp_article` [ RunTime:0.000597s ]
[ sql ] [ SQL ] SELECT * FROM `zp_article` `a` INNER JOIN `zp_column` `c` ON `c`.`cid`=`a`.`columnid` ORDER BY `a`.`time` DESC LIMIT 0,20 [ RunTime:0.000795s ]
[ sql ] [ DB ] CONNECT:[ UseTime:0.000252s ] mysql:host=localhost;port=3306;dbname=blog;charset=utf8
[ sql ] [ SQL ] SELECT COUNT(*) AS tp_count FROM `zp_article` LIMIT 1 [ RunTime:0.000246s ]
---------------------------------------------------------------
[ 2018-12-02T00:49:36+08:00 ] 127.0.0.1 POST localhost/blog/public/api/column/index
[运行时间：0.068122s] [吞吐率：14.68req/s] [内存消耗：2,906.73kb] [文件加载：70]
[ info ] [ LANG ] /Applications/MAMP/htdocs/blog/thinkphp/lang/zh-cn.php
[ info ] [ ROUTE ] array (
)
[ info ] [ HEADER ] array (
  'cookie' => 'PHPSESSID=eher8m9ubffctihghjg41gtlaq',
  'accept-language' => 'zh-CN,zh;q=0.9',
  'accept-encoding' => 'gzip, deflate, br',
  'referer' => 'http://localhost:8080/',
  'content-type' => 'application/json;charset=UTF-8',
  'user-agent' => 'Mozilla/5.0 (Macintosh; Intel Mac OS X 10_14_1) AppleWebKit/537.36 (KHTML, like Gecko) Chrome/69.0.3497.100 Safari/537.36 OPR/56.0.3051.104',
  'origin' => 'http://localhost:8080',
  'accept' => 'application/json, text/plain, */*',
  'content-length' => '2',
  'connection' => 'close',
  'host' => 'localhost',
)
[ info ] [ PARAM ] array (
)
[ info ] [ DB ] INIT mysql
[ info ] [ DB ] INIT mysql
[ sql ] [ DB ] CONNECT:[ UseTime:0.000677s ] mysql:host=localhost;port=3306;dbname=blog;charset=utf8
[ sql ] [ SQL ] SHOW COLUMNS FROM `zp_column` [ RunTime:0.000924s ]
[ sql ] [ SQL ] SELECT * FROM `zp_column` LIMIT 0,20 [ RunTime:0.000612s ]
[ sql ] [ DB ] CONNECT:[ UseTime:0.000322s ] mysql:host=localhost;port=3306;dbname=blog;charset=utf8
[ sql ] [ SQL ] SELECT COUNT(*) AS tp_count FROM `zp_column` LIMIT 1 [ RunTime:0.000626s ]
---------------------------------------------------------------
[ 2018-12-02T00:49:45+08:00 ] 127.0.0.1 POST localhost/blog/public/api/article/index
[运行时间：0.055155s] [吞吐率：18.13req/s] [内存消耗：3,029.34kb] [文件加载：70]
[ info ] [ LANG ] /Applications/MAMP/htdocs/blog/thinkphp/lang/zh-cn.php
[ info ] [ ROUTE ] array (
)
[ info ] [ HEADER ] array (
  'cookie' => 'PHPSESSID=eher8m9ubffctihghjg41gtlaq',
  'accept-language' => 'zh-CN,zh;q=0.9',
  'accept-encoding' => 'gzip, deflate, br',
  'referer' => 'http://localhost:8080/',
  'content-type' => 'application/json;charset=UTF-8',
  'user-agent' => 'Mozilla/5.0 (Macintosh; Intel Mac OS X 10_14_1) AppleWebKit/537.36 (KHTML, like Gecko) Chrome/69.0.3497.100 Safari/537.36 OPR/56.0.3051.104',
  'origin' => 'http://localhost:8080',
  'accept' => 'application/json, text/plain, */*',
  'content-length' => '2',
  'connection' => 'close',
  'host' => 'localhost',
)
[ info ] [ PARAM ] array (
)
[ info ] [ DB ] INIT mysql
[ info ] [ DB ] INIT mysql
[ sql ] [ DB ] CONNECT:[ UseTime:0.000366s ] mysql:host=localhost;port=3306;dbname=blog;charset=utf8
[ sql ] [ SQL ] SHOW COLUMNS FROM `zp_article` [ RunTime:0.000695s ]
[ sql ] [ SQL ] SELECT * FROM `zp_article` `a` INNER JOIN `zp_column` `c` ON `c`.`cid`=`a`.`columnid` ORDER BY `a`.`time` DESC LIMIT 0,20 [ RunTime:0.000877s ]
[ sql ] [ DB ] CONNECT:[ UseTime:0.000398s ] mysql:host=localhost;port=3306;dbname=blog;charset=utf8
[ sql ] [ SQL ] SELECT COUNT(*) AS tp_count FROM `zp_article` LIMIT 1 [ RunTime:0.000259s ]
---------------------------------------------------------------
[ 2018-12-02T00:50:29+08:00 ] 127.0.0.1 POST localhost/blog/public/apia/article/del
[运行时间：0.044893s] [吞吐率：22.28req/s] [内存消耗：2,816.20kb] [文件加载：70]
[ info ] [ LANG ] /Applications/MAMP/htdocs/blog/thinkphp/lang/zh-cn.php
[ info ] [ ROUTE ] array (
)
[ info ] [ HEADER ] array (
  'cookie' => 'PHPSESSID=eher8m9ubffctihghjg41gtlaq',
  'accept-language' => 'zh-CN,zh;q=0.9',
  'accept-encoding' => 'gzip, deflate, br',
  'referer' => 'http://localhost:8081/',
  'content-type' => 'application/json;charset=UTF-8',
  'user-agent' => 'Mozilla/5.0 (Macintosh; Intel Mac OS X 10_14_1) AppleWebKit/537.36 (KHTML, like Gecko) Chrome/69.0.3497.100 Safari/537.36 OPR/56.0.3051.104',
  'origin' => 'http://localhost:8081',
  'accept' => 'application/json, text/plain, */*',
  'content-length' => '9',
  'connection' => 'close',
  'host' => 'localhost',
)
[ info ] [ PARAM ] array (
  'id' => 55,
)
[ info ] [ DB ] INIT mysql
[ sql ] [ DB ] CONNECT:[ UseTime:0.000348s ] mysql:host=localhost;port=3306;dbname=blog;charset=utf8
[ sql ] [ SQL ] SHOW COLUMNS FROM `zp_article` [ RunTime:0.000561s ]
[ sql ] [ SQL ] DELETE FROM `zp_article` WHERE  `id` = 55 [ RunTime:0.002453s ]
---------------------------------------------------------------
[ 2018-12-02T00:50:30+08:00 ] 127.0.0.1 POST localhost/blog/public/apia/article/index
[运行时间：0.102077s] [吞吐率：9.80req/s] [内存消耗：3,020.30kb] [文件加载：70]
[ info ] [ LANG ] /Applications/MAMP/htdocs/blog/thinkphp/lang/zh-cn.php
[ info ] [ ROUTE ] array (
)
[ info ] [ HEADER ] array (
  'cookie' => 'PHPSESSID=eher8m9ubffctihghjg41gtlaq',
  'accept-language' => 'zh-CN,zh;q=0.9',
  'accept-encoding' => 'gzip, deflate, br',
  'referer' => 'http://localhost:8081/',
  'content-type' => 'application/json;charset=UTF-8',
  'user-agent' => 'Mozilla/5.0 (Macintosh; Intel Mac OS X 10_14_1) AppleWebKit/537.36 (KHTML, like Gecko) Chrome/69.0.3497.100 Safari/537.36 OPR/56.0.3051.104',
  'origin' => 'http://localhost:8081',
  'accept' => 'application/json, text/plain, */*',
  'content-length' => '38',
  'connection' => 'close',
  'host' => 'localhost',
)
[ info ] [ PARAM ] array (
  'currpage' => 1,
  'listrows' => 6,
  'total' => 14,
)
[ info ] [ DB ] INIT mysql
[ info ] [ DB ] INIT mysql
[ sql ] [ DB ] CONNECT:[ UseTime:0.000403s ] mysql:host=localhost;port=3306;dbname=blog;charset=utf8
[ sql ] [ SQL ] SHOW COLUMNS FROM `zp_article` [ RunTime:0.000639s ]
[ sql ] [ SQL ] SELECT * FROM `zp_article` `a` INNER JOIN `zp_column` `c` ON `c`.`cid`=`a`.`columnid` ORDER BY `a`.`time` DESC LIMIT 0,6 [ RunTime:0.000748s ]
[ sql ] [ DB ] CONNECT:[ UseTime:0.000243s ] mysql:host=localhost;port=3306;dbname=blog;charset=utf8
[ sql ] [ SQL ] SELECT COUNT(*) AS tp_count FROM `zp_article` LIMIT 1 [ RunTime:0.000226s ]
---------------------------------------------------------------
[ 2018-12-02T00:50:32+08:00 ] 127.0.0.1 POST localhost/blog/public/apia/article/del
[运行时间：0.044227s] [吞吐率：22.61req/s] [内存消耗：2,816.20kb] [文件加载：70]
[ info ] [ LANG ] /Applications/MAMP/htdocs/blog/thinkphp/lang/zh-cn.php
[ info ] [ ROUTE ] array (
)
[ info ] [ HEADER ] array (
  'cookie' => 'PHPSESSID=eher8m9ubffctihghjg41gtlaq',
  'accept-language' => 'zh-CN,zh;q=0.9',
  'accept-encoding' => 'gzip, deflate, br',
  'referer' => 'http://localhost:8081/',
  'content-type' => 'application/json;charset=UTF-8',
  'user-agent' => 'Mozilla/5.0 (Macintosh; Intel Mac OS X 10_14_1) AppleWebKit/537.36 (KHTML, like Gecko) Chrome/69.0.3497.100 Safari/537.36 OPR/56.0.3051.104',
  'origin' => 'http://localhost:8081',
  'accept' => 'application/json, text/plain, */*',
  'content-length' => '9',
  'connection' => 'close',
  'host' => 'localhost',
)
[ info ] [ PARAM ] array (
  'id' => 56,
)
[ info ] [ DB ] INIT mysql
[ sql ] [ DB ] CONNECT:[ UseTime:0.000317s ] mysql:host=localhost;port=3306;dbname=blog;charset=utf8
[ sql ] [ SQL ] SHOW COLUMNS FROM `zp_article` [ RunTime:0.000553s ]
[ sql ] [ SQL ] DELETE FROM `zp_article` WHERE  `id` = 56 [ RunTime:0.000480s ]
---------------------------------------------------------------
[ 2018-12-02T00:50:32+08:00 ] 127.0.0.1 POST localhost/blog/public/apia/article/index
[运行时间：0.106105s] [吞吐率：9.42req/s] [内存消耗：3,019.83kb] [文件加载：70]
[ info ] [ LANG ] /Applications/MAMP/htdocs/blog/thinkphp/lang/zh-cn.php
[ info ] [ ROUTE ] array (
)
[ info ] [ HEADER ] array (
  'cookie' => 'PHPSESSID=eher8m9ubffctihghjg41gtlaq',
  'accept-language' => 'zh-CN,zh;q=0.9',
  'accept-encoding' => 'gzip, deflate, br',
  'referer' => 'http://localhost:8081/',
  'content-type' => 'application/json;charset=UTF-8',
  'user-agent' => 'Mozilla/5.0 (Macintosh; Intel Mac OS X 10_14_1) AppleWebKit/537.36 (KHTML, like Gecko) Chrome/69.0.3497.100 Safari/537.36 OPR/56.0.3051.104',
  'origin' => 'http://localhost:8081',
  'accept' => 'application/json, text/plain, */*',
  'content-length' => '38',
  'connection' => 'close',
  'host' => 'localhost',
)
[ info ] [ PARAM ] array (
  'currpage' => 1,
  'listrows' => 6,
  'total' => 13,
)
[ info ] [ DB ] INIT mysql
[ info ] [ DB ] INIT mysql
[ sql ] [ DB ] CONNECT:[ UseTime:0.000412s ] mysql:host=localhost;port=3306;dbname=blog;charset=utf8
[ sql ] [ SQL ] SHOW COLUMNS FROM `zp_article` [ RunTime:0.000647s ]
[ sql ] [ SQL ] SELECT * FROM `zp_article` `a` INNER JOIN `zp_column` `c` ON `c`.`cid`=`a`.`columnid` ORDER BY `a`.`time` DESC LIMIT 0,6 [ RunTime:0.000780s ]
[ sql ] [ DB ] CONNECT:[ UseTime:0.000326s ] mysql:host=localhost;port=3306;dbname=blog;charset=utf8
[ sql ] [ SQL ] SELECT COUNT(*) AS tp_count FROM `zp_article` LIMIT 1 [ RunTime:0.000296s ]
---------------------------------------------------------------
[ 2018-12-02T00:51:23+08:00 ] 127.0.0.1 POST localhost/blog/public/apia/article/index
[运行时间：0.045666s] [吞吐率：21.90req/s] [内存消耗：3,019.83kb] [文件加载：70]
[ info ] [ LANG ] /Applications/MAMP/htdocs/blog/thinkphp/lang/zh-cn.php
[ info ] [ ROUTE ] array (
)
[ info ] [ HEADER ] array (
  'cookie' => 'PHPSESSID=eher8m9ubffctihghjg41gtlaq',
  'accept-language' => 'zh-CN,zh;q=0.9',
  'accept-encoding' => 'gzip, deflate, br',
  'referer' => 'http://localhost:8081/',
  'content-type' => 'application/json;charset=UTF-8',
  'user-agent' => 'Mozilla/5.0 (Macintosh; Intel Mac OS X 10_14_1) AppleWebKit/537.36 (KHTML, like Gecko) Chrome/69.0.3497.100 Safari/537.36 OPR/56.0.3051.104',
  'origin' => 'http://localhost:8081',
  'accept' => 'application/json, text/plain, */*',
  'content-length' => '38',
  'connection' => 'close',
  'host' => 'localhost',
)
[ info ] [ PARAM ] array (
  'currpage' => 1,
  'listrows' => 6,
  'total' => 12,
)
[ info ] [ DB ] INIT mysql
[ info ] [ DB ] INIT mysql
[ sql ] [ DB ] CONNECT:[ UseTime:0.000377s ] mysql:host=localhost;port=3306;dbname=blog;charset=utf8
[ sql ] [ SQL ] SHOW COLUMNS FROM `zp_article` [ RunTime:0.000633s ]
[ sql ] [ SQL ] SELECT * FROM `zp_article` `a` INNER JOIN `zp_column` `c` ON `c`.`cid`=`a`.`columnid` ORDER BY `a`.`time` DESC LIMIT 0,6 [ RunTime:0.000757s ]
[ sql ] [ DB ] CONNECT:[ UseTime:0.000314s ] mysql:host=localhost;port=3306;dbname=blog;charset=utf8
[ sql ] [ SQL ] SELECT COUNT(*) AS tp_count FROM `zp_article` LIMIT 1 [ RunTime:0.000259s ]
---------------------------------------------------------------
[ 2018-12-02T00:51:35+08:00 ] 127.0.0.1 POST localhost/blog/public/apia/article/edit
[运行时间：0.045386s] [吞吐率：22.03req/s] [内存消耗：2,831.03kb] [文件加载：71]
[ info ] [ LANG ] /Applications/MAMP/htdocs/blog/thinkphp/lang/zh-cn.php
[ info ] [ ROUTE ] array (
)
[ info ] [ HEADER ] array (
  'cookie' => 'PHPSESSID=eher8m9ubffctihghjg41gtlaq',
  'accept-language' => 'zh-CN,zh;q=0.9',
  'accept-encoding' => 'gzip, deflate, br',
  'referer' => 'http://localhost:8081/',
  'content-type' => 'application/json;charset=UTF-8',
  'user-agent' => 'Mozilla/5.0 (Macintosh; Intel Mac OS X 10_14_1) AppleWebKit/537.36 (KHTML, like Gecko) Chrome/69.0.3497.100 Safari/537.36 OPR/56.0.3051.104',
  'origin' => 'http://localhost:8081',
  'accept' => 'application/json, text/plain, */*',
  'content-length' => '343',
  'connection' => 'close',
  'host' => 'localhost',
)
[ info ] [ PARAM ] array (
  'id' => 57,
  'title' => '测试文章',
  'author' => 'admin',
  'desc' => '这是一个摘要',
  'keywords' => 'vue',
  'content' => '##### 编辑测试	

```
<div>
	<p>测试111</p>
</div>
```

',
  'pic' => '20181202/82bc1e7eab9a653035ff2865e8c68f21.jpg',
  'click' => NULL,
  'state' => 1,
  'time' => 1543682715,
  'columnid' => 13,
  'cid' => 13,
  'columnname' => '个人博客',
  'columnurl' => 'blog',
)
[ info ] [ DB ] INIT mysql
[ sql ] [ DB ] CONNECT:[ UseTime:0.000397s ] mysql:host=localhost;port=3306;dbname=blog;charset=utf8
[ sql ] [ SQL ] SHOW COLUMNS FROM `zp_article` [ RunTime:0.000645s ]
[ sql ] [ SQL ] UPDATE `zp_article`  SET `title` = '测试文章' , `author` = 'admin' , `desc` = '这是一个摘要' , `keywords` = 'vue' , `content` = '##### 编辑测试	

```
<div>
	<p>测试111</p>
</div>
```

' , `click` = NULL , `time` = 1543683095 , `columnid` = 13 , `pic` = '20181202/82bc1e7eab9a653035ff2865e8c68f21.jpg' , `state` = 1  WHERE  `id` = 57 [ RunTime:0.002409s ]
---------------------------------------------------------------
[ 2018-12-02T00:51:49+08:00 ] 127.0.0.1 POST localhost/blog/public/apia/article/index
[运行时间：0.043443s] [吞吐率：23.02req/s] [内存消耗：3,019.83kb] [文件加载：70]
[ info ] [ LANG ] /Applications/MAMP/htdocs/blog/thinkphp/lang/zh-cn.php
[ info ] [ ROUTE ] array (
)
[ info ] [ HEADER ] array (
  'cookie' => 'PHPSESSID=eher8m9ubffctihghjg41gtlaq',
  'accept-language' => 'zh-CN,zh;q=0.9',
  'accept-encoding' => 'gzip, deflate, br',
  'referer' => 'http://localhost:8081/',
  'content-type' => 'application/json;charset=UTF-8',
  'user-agent' => 'Mozilla/5.0 (Macintosh; Intel Mac OS X 10_14_1) AppleWebKit/537.36 (KHTML, like Gecko) Chrome/69.0.3497.100 Safari/537.36 OPR/56.0.3051.104',
  'origin' => 'http://localhost:8081',
  'accept' => 'application/json, text/plain, */*',
  'content-length' => '38',
  'connection' => 'close',
  'host' => 'localhost',
)
[ info ] [ PARAM ] array (
  'currpage' => 1,
  'listrows' => 6,
  'total' => 12,
)
[ info ] [ DB ] INIT mysql
[ info ] [ DB ] INIT mysql
[ sql ] [ DB ] CONNECT:[ UseTime:0.000490s ] mysql:host=localhost;port=3306;dbname=blog;charset=utf8
[ sql ] [ SQL ] SHOW COLUMNS FROM `zp_article` [ RunTime:0.000804s ]
[ sql ] [ SQL ] SELECT * FROM `zp_article` `a` INNER JOIN `zp_column` `c` ON `c`.`cid`=`a`.`columnid` ORDER BY `a`.`time` DESC LIMIT 0,6 [ RunTime:0.000804s ]
[ sql ] [ DB ] CONNECT:[ UseTime:0.000263s ] mysql:host=localhost;port=3306;dbname=blog;charset=utf8
[ sql ] [ SQL ] SELECT COUNT(*) AS tp_count FROM `zp_article` LIMIT 1 [ RunTime:0.000328s ]
