---------------------------------------------------------------
[ 2018-12-03T09:38:31+08:00 ] 127.0.0.1 POST localhost/blog/public/api/column/index
[运行时间：0.253016s] [吞吐率：3.95req/s] [内存消耗：2,906.72kb] [文件加载：70]
[ info ] [ LANG ] /Applications/MAMP/htdocs/blog/thinkphp/lang/zh-cn.php
[ info ] [ ROUTE ] array (
)
[ info ] [ HEADER ] array (
  'cookie' => 'PHPSESSID=eher8m9ubffctihghjg41gtlaq',
  'accept-language' => 'zh-CN,zh;q=0.9',
  'accept-encoding' => 'gzip, deflate, br',
  'referer' => 'http://localhost:8081/',
  'content-type' => 'application/json;charset=UTF-8',
  'user-agent' => 'Mozilla/5.0 (Macintosh; Intel Mac OS X 10_14_1) AppleWebKit/537.36 (KHTML, like Gecko) Chrome/69.0.3497.100 Safari/537.36 OPR/56.0.3051.116',
  'origin' => 'http://localhost:8081',
  'accept' => 'application/json, text/plain, */*',
  'content-length' => '2',
  'connection' => 'close',
  'host' => 'localhost',
)
[ info ] [ PARAM ] array (
)
[ info ] [ DB ] INIT mysql
[ info ] [ DB ] INIT mysql
[ sql ] [ DB ] CONNECT:[ UseTime:0.001569s ] mysql:host=localhost;port=3306;dbname=blog;charset=utf8
[ sql ] [ SQL ] SHOW COLUMNS FROM `zp_column` [ RunTime:0.008420s ]
[ sql ] [ SQL ] SELECT * FROM `zp_column` LIMIT 0,20 [ RunTime:0.000331s ]
[ sql ] [ DB ] CONNECT:[ UseTime:0.000389s ] mysql:host=localhost;port=3306;dbname=blog;charset=utf8
[ sql ] [ SQL ] SELECT COUNT(*) AS tp_count FROM `zp_column` LIMIT 1 [ RunTime:0.001211s ]
