---------------------------------------------------------------
[ 2018-12-09T14:48:56+08:00 ] 127.0.0.1 POST localhost/blog/public/api/article/index
[运行时间：0.318550s] [吞吐率：3.14req/s] [内存消耗：2,940.21kb] [文件加载：70]
[ info ] [ LANG ] /Applications/MAMP/htdocs/blog/thinkphp/lang/zh-cn.php
[ info ] [ ROUTE ] array (
)
[ info ] [ HEADER ] array (
  'cookie' => 'PHPSESSID=eher8m9ubffctihghjg41gtlaq',
  'accept-language' => 'zh-CN,zh;q=0.9',
  'accept-encoding' => 'gzip, deflate, br',
  'referer' => 'http://localhost:8081/',
  'content-type' => 'application/json;charset=UTF-8',
  'user-agent' => 'Mozilla/5.0 (Macintosh; Intel Mac OS X 10_14_1) AppleWebKit/537.36 (KHTML, like Gecko) Chrome/69.0.3497.100 Safari/537.36 OPR/56.0.3051.116',
  'origin' => 'http://localhost:8081',
  'accept' => 'application/json, text/plain, */*',
  'content-length' => '2',
  'connection' => 'close',
  'host' => 'localhost',
)
[ info ] [ PARAM ] array (
)
[ info ] [ DB ] INIT mysql
[ info ] [ DB ] INIT mysql
[ sql ] [ DB ] CONNECT:[ UseTime:0.044278s ] mysql:host=localhost;port=3306;dbname=blog;charset=utf8
[ sql ] [ SQL ] SHOW COLUMNS FROM `zp_article` [ RunTime:0.091235s ]
[ sql ] [ SQL ] SELECT * FROM `zp_article` `a` INNER JOIN `zp_column` `c` ON `c`.`cid`=`a`.`columnid` ORDER BY `a`.`time` DESC LIMIT 0,20 [ RunTime:0.008451s ]
[ sql ] [ DB ] CONNECT:[ UseTime:0.000329s ] mysql:host=localhost;port=3306;dbname=blog;charset=utf8
[ sql ] [ SQL ] SELECT COUNT(*) AS tp_count FROM `zp_article` LIMIT 1 [ RunTime:0.002000s ]
---------------------------------------------------------------
[ 2018-12-09T14:49:04+08:00 ] 127.0.0.1 POST localhost/blog/public/api/article/index
[运行时间：0.059485s] [吞吐率：16.81req/s] [内存消耗：2,940.22kb] [文件加载：70]
[ info ] [ LANG ] /Applications/MAMP/htdocs/blog/thinkphp/lang/zh-cn.php
[ info ] [ ROUTE ] array (
)
[ info ] [ HEADER ] array (
  'cookie' => 'PHPSESSID=eher8m9ubffctihghjg41gtlaq',
  'accept-language' => 'zh-CN,zh;q=0.9',
  'accept-encoding' => 'gzip, deflate, br',
  'referer' => 'http://localhost:8081/',
  'content-type' => 'application/json;charset=UTF-8',
  'user-agent' => 'Mozilla/5.0 (Macintosh; Intel Mac OS X 10_14_1) AppleWebKit/537.36 (KHTML, like Gecko) Chrome/69.0.3497.100 Safari/537.36 OPR/56.0.3051.116',
  'origin' => 'http://localhost:8081',
  'accept' => 'application/json, text/plain, */*',
  'content-length' => '2',
  'connection' => 'close',
  'host' => 'localhost',
)
[ info ] [ PARAM ] array (
)
[ info ] [ DB ] INIT mysql
[ info ] [ DB ] INIT mysql
[ sql ] [ DB ] CONNECT:[ UseTime:0.000705s ] mysql:host=localhost;port=3306;dbname=blog;charset=utf8
[ sql ] [ SQL ] SHOW COLUMNS FROM `zp_article` [ RunTime:0.001124s ]
[ sql ] [ SQL ] SELECT * FROM `zp_article` `a` INNER JOIN `zp_column` `c` ON `c`.`cid`=`a`.`columnid` ORDER BY `a`.`time` DESC LIMIT 0,20 [ RunTime:0.000761s ]
[ sql ] [ DB ] CONNECT:[ UseTime:0.000364s ] mysql:host=localhost;port=3306;dbname=blog;charset=utf8
[ sql ] [ SQL ] SELECT COUNT(*) AS tp_count FROM `zp_article` LIMIT 1 [ RunTime:0.000254s ]
---------------------------------------------------------------
[ 2018-12-09T14:49:10+08:00 ] 127.0.0.1 POST localhost/blog/public/api/article/index
[运行时间：0.057038s] [吞吐率：17.53req/s] [内存消耗：2,940.22kb] [文件加载：70]
[ info ] [ LANG ] /Applications/MAMP/htdocs/blog/thinkphp/lang/zh-cn.php
[ info ] [ ROUTE ] array (
)
[ info ] [ HEADER ] array (
  'cookie' => 'PHPSESSID=eher8m9ubffctihghjg41gtlaq',
  'accept-language' => 'zh-CN,zh;q=0.9',
  'accept-encoding' => 'gzip, deflate, br',
  'referer' => 'http://localhost:8081/',
  'content-type' => 'application/json;charset=UTF-8',
  'user-agent' => 'Mozilla/5.0 (Macintosh; Intel Mac OS X 10_14_1) AppleWebKit/537.36 (KHTML, like Gecko) Chrome/69.0.3497.100 Safari/537.36 OPR/56.0.3051.116',
  'origin' => 'http://localhost:8081',
  'accept' => 'application/json, text/plain, */*',
  'content-length' => '2',
  'connection' => 'close',
  'host' => 'localhost',
)
[ info ] [ PARAM ] array (
)
[ info ] [ DB ] INIT mysql
[ info ] [ DB ] INIT mysql
[ sql ] [ DB ] CONNECT:[ UseTime:0.000447s ] mysql:host=localhost;port=3306;dbname=blog;charset=utf8
[ sql ] [ SQL ] SHOW COLUMNS FROM `zp_article` [ RunTime:0.000749s ]
[ sql ] [ SQL ] SELECT * FROM `zp_article` `a` INNER JOIN `zp_column` `c` ON `c`.`cid`=`a`.`columnid` ORDER BY `a`.`time` DESC LIMIT 0,20 [ RunTime:0.000624s ]
[ sql ] [ DB ] CONNECT:[ UseTime:0.000300s ] mysql:host=localhost;port=3306;dbname=blog;charset=utf8
[ sql ] [ SQL ] SELECT COUNT(*) AS tp_count FROM `zp_article` LIMIT 1 [ RunTime:0.000356s ]
---------------------------------------------------------------
[ 2018-12-09T14:49:17+08:00 ] 127.0.0.1 POST localhost/blog/public/apia/column/index
[运行时间：0.053282s] [吞吐率：18.77req/s] [内存消耗：2,907.67kb] [文件加载：70]
[ info ] [ LANG ] /Applications/MAMP/htdocs/blog/thinkphp/lang/zh-cn.php
[ info ] [ ROUTE ] array (
)
[ info ] [ HEADER ] array (
  'cookie' => 'PHPSESSID=eher8m9ubffctihghjg41gtlaq',
  'accept-language' => 'zh-CN,zh;q=0.9',
  'accept-encoding' => 'gzip, deflate, br',
  'referer' => 'http://localhost:8080/',
  'content-type' => 'application/json;charset=UTF-8',
  'user-agent' => 'Mozilla/5.0 (Macintosh; Intel Mac OS X 10_14_1) AppleWebKit/537.36 (KHTML, like Gecko) Chrome/69.0.3497.100 Safari/537.36 OPR/56.0.3051.116',
  'origin' => 'http://localhost:8080',
  'accept' => 'application/json, text/plain, */*',
  'content-length' => '37',
  'connection' => 'close',
  'host' => 'localhost',
)
[ info ] [ PARAM ] array (
  'currpage' => 1,
  'listrows' => 6,
  'total' => 0,
)
[ info ] [ DB ] INIT mysql
[ info ] [ DB ] INIT mysql
[ sql ] [ DB ] CONNECT:[ UseTime:0.000495s ] mysql:host=localhost;port=3306;dbname=blog;charset=utf8
[ sql ] [ SQL ] SHOW COLUMNS FROM `zp_column` [ RunTime:0.000697s ]
[ sql ] [ SQL ] SELECT * FROM `zp_column` LIMIT 0,6 [ RunTime:0.000244s ]
[ sql ] [ DB ] CONNECT:[ UseTime:0.000220s ] mysql:host=localhost;port=3306;dbname=blog;charset=utf8
[ sql ] [ SQL ] SELECT COUNT(*) AS tp_count FROM `zp_column` LIMIT 1 [ RunTime:0.000254s ]
---------------------------------------------------------------
[ 2018-12-09T14:49:18+08:00 ] 127.0.0.1 GET localhost/blog/public/apia/article/add?
[运行时间：0.063167s] [吞吐率：15.83req/s] [内存消耗：2,849.61kb] [文件加载：70]
[ info ] [ LANG ] /Applications/MAMP/htdocs/blog/thinkphp/lang/zh-cn.php
[ info ] [ ROUTE ] array (
)
[ info ] [ HEADER ] array (
  'cookie' => 'PHPSESSID=eher8m9ubffctihghjg41gtlaq',
  'accept-language' => 'zh-CN,zh;q=0.9',
  'accept-encoding' => 'gzip, deflate, br',
  'referer' => 'http://localhost:8080/',
  'user-agent' => 'Mozilla/5.0 (Macintosh; Intel Mac OS X 10_14_1) AppleWebKit/537.36 (KHTML, like Gecko) Chrome/69.0.3497.100 Safari/537.36 OPR/56.0.3051.116',
  'accept' => 'application/json, text/plain, */*',
  'connection' => 'close',
  'host' => 'localhost',
)
[ info ] [ PARAM ] array (
)
[ info ] [ DB ] INIT mysql
[ sql ] [ DB ] CONNECT:[ UseTime:0.000453s ] mysql:host=localhost;port=3306;dbname=blog;charset=utf8
[ sql ] [ SQL ] SHOW COLUMNS FROM `zp_column` [ RunTime:0.000655s ]
[ sql ] [ SQL ] SELECT * FROM `zp_column` [ RunTime:0.000259s ]
---------------------------------------------------------------
[ 2018-12-09T14:49:18+08:00 ] 127.0.0.1 POST localhost/blog/public/apia/article/index
[运行时间：0.142114s] [吞吐率：7.04req/s] [内存消耗：2,941.10kb] [文件加载：70]
[ info ] [ LANG ] /Applications/MAMP/htdocs/blog/thinkphp/lang/zh-cn.php
[ info ] [ ROUTE ] array (
)
[ info ] [ HEADER ] array (
  'cookie' => 'PHPSESSID=eher8m9ubffctihghjg41gtlaq',
  'accept-language' => 'zh-CN,zh;q=0.9',
  'accept-encoding' => 'gzip, deflate, br',
  'referer' => 'http://localhost:8080/',
  'content-type' => 'application/json;charset=UTF-8',
  'user-agent' => 'Mozilla/5.0 (Macintosh; Intel Mac OS X 10_14_1) AppleWebKit/537.36 (KHTML, like Gecko) Chrome/69.0.3497.100 Safari/537.36 OPR/56.0.3051.116',
  'origin' => 'http://localhost:8080',
  'accept' => 'application/json, text/plain, */*',
  'content-length' => '37',
  'connection' => 'close',
  'host' => 'localhost',
)
[ info ] [ PARAM ] array (
  'currpage' => 1,
  'listrows' => 6,
  'total' => 0,
)
[ info ] [ DB ] INIT mysql
[ info ] [ DB ] INIT mysql
[ sql ] [ DB ] CONNECT:[ UseTime:0.000476s ] mysql:host=localhost;port=3306;dbname=blog;charset=utf8
[ sql ] [ SQL ] SHOW COLUMNS FROM `zp_article` [ RunTime:0.000814s ]
[ sql ] [ SQL ] SELECT * FROM `zp_article` `a` INNER JOIN `zp_column` `c` ON `c`.`cid`=`a`.`columnid` ORDER BY `a`.`time` DESC LIMIT 0,6 [ RunTime:0.000656s ]
[ sql ] [ DB ] CONNECT:[ UseTime:0.000349s ] mysql:host=localhost;port=3306;dbname=blog;charset=utf8
[ sql ] [ SQL ] SELECT COUNT(*) AS tp_count FROM `zp_article` LIMIT 1 [ RunTime:0.000296s ]
---------------------------------------------------------------
[ 2018-12-09T14:49:20+08:00 ] 127.0.0.1 POST localhost/blog/public/apia/column/index
[运行时间：0.103371s] [吞吐率：9.67req/s] [内存消耗：2,907.67kb] [文件加载：70]
[ info ] [ LANG ] /Applications/MAMP/htdocs/blog/thinkphp/lang/zh-cn.php
[ info ] [ ROUTE ] array (
)
[ info ] [ HEADER ] array (
  'cookie' => 'PHPSESSID=eher8m9ubffctihghjg41gtlaq',
  'accept-language' => 'zh-CN,zh;q=0.9',
  'accept-encoding' => 'gzip, deflate, br',
  'referer' => 'http://localhost:8080/',
  'content-type' => 'application/json;charset=UTF-8',
  'user-agent' => 'Mozilla/5.0 (Macintosh; Intel Mac OS X 10_14_1) AppleWebKit/537.36 (KHTML, like Gecko) Chrome/69.0.3497.100 Safari/537.36 OPR/56.0.3051.116',
  'origin' => 'http://localhost:8080',
  'accept' => 'application/json, text/plain, */*',
  'content-length' => '37',
  'connection' => 'close',
  'host' => 'localhost',
)
[ info ] [ PARAM ] array (
  'currpage' => 1,
  'listrows' => 6,
  'total' => 0,
)
[ info ] [ DB ] INIT mysql
[ info ] [ DB ] INIT mysql
[ sql ] [ DB ] CONNECT:[ UseTime:0.000471s ] mysql:host=localhost;port=3306;dbname=blog;charset=utf8
[ sql ] [ SQL ] SHOW COLUMNS FROM `zp_column` [ RunTime:0.000714s ]
[ sql ] [ SQL ] SELECT * FROM `zp_column` LIMIT 0,6 [ RunTime:0.000295s ]
[ sql ] [ DB ] CONNECT:[ UseTime:0.000253s ] mysql:host=localhost;port=3306;dbname=blog;charset=utf8
[ sql ] [ SQL ] SELECT COUNT(*) AS tp_count FROM `zp_column` LIMIT 1 [ RunTime:0.000240s ]
---------------------------------------------------------------
[ 2018-12-09T14:49:20+08:00 ] 127.0.0.1 POST localhost/blog/public/apia/user/index
[运行时间：0.097733s] [吞吐率：10.23req/s] [内存消耗：2,915.56kb] [文件加载：70]
[ info ] [ LANG ] /Applications/MAMP/htdocs/blog/thinkphp/lang/zh-cn.php
[ info ] [ ROUTE ] array (
)
[ info ] [ HEADER ] array (
  'cookie' => 'PHPSESSID=eher8m9ubffctihghjg41gtlaq',
  'accept-language' => 'zh-CN,zh;q=0.9',
  'accept-encoding' => 'gzip, deflate, br',
  'referer' => 'http://localhost:8080/',
  'content-type' => 'application/json;charset=UTF-8',
  'user-agent' => 'Mozilla/5.0 (Macintosh; Intel Mac OS X 10_14_1) AppleWebKit/537.36 (KHTML, like Gecko) Chrome/69.0.3497.100 Safari/537.36 OPR/56.0.3051.116',
  'origin' => 'http://localhost:8080',
  'accept' => 'application/json, text/plain, */*',
  'content-length' => '37',
  'connection' => 'close',
  'host' => 'localhost',
)
[ info ] [ PARAM ] array (
  'currpage' => 1,
  'listrows' => 6,
  'total' => 0,
)
[ info ] [ DB ] INIT mysql
[ info ] [ DB ] INIT mysql
[ sql ] [ DB ] CONNECT:[ UseTime:0.000487s ] mysql:host=localhost;port=3306;dbname=blog;charset=utf8
[ sql ] [ SQL ] SHOW COLUMNS FROM `zp_user` [ RunTime:0.002116s ]
[ sql ] [ SQL ] SELECT * FROM `zp_user` LIMIT 0,6 [ RunTime:0.000305s ]
[ sql ] [ DB ] CONNECT:[ UseTime:0.000241s ] mysql:host=localhost;port=3306;dbname=blog;charset=utf8
[ sql ] [ SQL ] SELECT COUNT(*) AS tp_count FROM `zp_user` LIMIT 1 [ RunTime:0.000233s ]
---------------------------------------------------------------
[ 2018-12-09T14:49:22+08:00 ] 127.0.0.1 POST localhost/blog/public/apia/user/index
[运行时间：0.055584s] [吞吐率：17.99req/s] [内存消耗：2,915.56kb] [文件加载：70]
[ info ] [ LANG ] /Applications/MAMP/htdocs/blog/thinkphp/lang/zh-cn.php
[ info ] [ ROUTE ] array (
)
[ info ] [ HEADER ] array (
  'cookie' => 'PHPSESSID=eher8m9ubffctihghjg41gtlaq',
  'accept-language' => 'zh-CN,zh;q=0.9',
  'accept-encoding' => 'gzip, deflate, br',
  'referer' => 'http://localhost:8080/',
  'content-type' => 'application/json;charset=UTF-8',
  'user-agent' => 'Mozilla/5.0 (Macintosh; Intel Mac OS X 10_14_1) AppleWebKit/537.36 (KHTML, like Gecko) Chrome/69.0.3497.100 Safari/537.36 OPR/56.0.3051.116',
  'origin' => 'http://localhost:8080',
  'accept' => 'application/json, text/plain, */*',
  'content-length' => '37',
  'connection' => 'close',
  'host' => 'localhost',
)
[ info ] [ PARAM ] array (
  'currpage' => 1,
  'listrows' => 6,
  'total' => 0,
)
[ info ] [ DB ] INIT mysql
[ info ] [ DB ] INIT mysql
[ sql ] [ DB ] CONNECT:[ UseTime:0.001277s ] mysql:host=localhost;port=3306;dbname=blog;charset=utf8
[ sql ] [ SQL ] SHOW COLUMNS FROM `zp_user` [ RunTime:0.000874s ]
[ sql ] [ SQL ] SELECT * FROM `zp_user` LIMIT 0,6 [ RunTime:0.000478s ]
[ sql ] [ DB ] CONNECT:[ UseTime:0.000447s ] mysql:host=localhost;port=3306;dbname=blog;charset=utf8
[ sql ] [ SQL ] SELECT COUNT(*) AS tp_count FROM `zp_user` LIMIT 1 [ RunTime:0.000295s ]
---------------------------------------------------------------
[ 2018-12-09T14:49:22+08:00 ] 127.0.0.1 POST localhost/blog/public/apia/column/index
[运行时间：0.063291s] [吞吐率：15.80req/s] [内存消耗：2,907.67kb] [文件加载：70]
[ info ] [ LANG ] /Applications/MAMP/htdocs/blog/thinkphp/lang/zh-cn.php
[ info ] [ ROUTE ] array (
)
[ info ] [ HEADER ] array (
  'cookie' => 'PHPSESSID=eher8m9ubffctihghjg41gtlaq',
  'accept-language' => 'zh-CN,zh;q=0.9',
  'accept-encoding' => 'gzip, deflate, br',
  'referer' => 'http://localhost:8080/',
  'content-type' => 'application/json;charset=UTF-8',
  'user-agent' => 'Mozilla/5.0 (Macintosh; Intel Mac OS X 10_14_1) AppleWebKit/537.36 (KHTML, like Gecko) Chrome/69.0.3497.100 Safari/537.36 OPR/56.0.3051.116',
  'origin' => 'http://localhost:8080',
  'accept' => 'application/json, text/plain, */*',
  'content-length' => '37',
  'connection' => 'close',
  'host' => 'localhost',
)
[ info ] [ PARAM ] array (
  'currpage' => 1,
  'listrows' => 6,
  'total' => 0,
)
[ info ] [ DB ] INIT mysql
[ info ] [ DB ] INIT mysql
[ sql ] [ DB ] CONNECT:[ UseTime:0.000491s ] mysql:host=localhost;port=3306;dbname=blog;charset=utf8
[ sql ] [ SQL ] SHOW COLUMNS FROM `zp_column` [ RunTime:0.000845s ]
[ sql ] [ SQL ] SELECT * FROM `zp_column` LIMIT 0,6 [ RunTime:0.000265s ]
[ sql ] [ DB ] CONNECT:[ UseTime:0.000302s ] mysql:host=localhost;port=3306;dbname=blog;charset=utf8
[ sql ] [ SQL ] SELECT COUNT(*) AS tp_count FROM `zp_column` LIMIT 1 [ RunTime:0.000274s ]
---------------------------------------------------------------
[ 2018-12-09T14:49:23+08:00 ] 127.0.0.1 POST localhost/blog/public/apia/article/index
[运行时间：0.056690s] [吞吐率：17.64req/s] [内存消耗：2,941.10kb] [文件加载：70]
[ info ] [ LANG ] /Applications/MAMP/htdocs/blog/thinkphp/lang/zh-cn.php
[ info ] [ ROUTE ] array (
)
[ info ] [ HEADER ] array (
  'cookie' => 'PHPSESSID=eher8m9ubffctihghjg41gtlaq',
  'accept-language' => 'zh-CN,zh;q=0.9',
  'accept-encoding' => 'gzip, deflate, br',
  'referer' => 'http://localhost:8080/',
  'content-type' => 'application/json;charset=UTF-8',
  'user-agent' => 'Mozilla/5.0 (Macintosh; Intel Mac OS X 10_14_1) AppleWebKit/537.36 (KHTML, like Gecko) Chrome/69.0.3497.100 Safari/537.36 OPR/56.0.3051.116',
  'origin' => 'http://localhost:8080',
  'accept' => 'application/json, text/plain, */*',
  'content-length' => '37',
  'connection' => 'close',
  'host' => 'localhost',
)
[ info ] [ PARAM ] array (
  'currpage' => 1,
  'listrows' => 6,
  'total' => 0,
)
[ info ] [ DB ] INIT mysql
[ info ] [ DB ] INIT mysql
[ sql ] [ DB ] CONNECT:[ UseTime:0.000912s ] mysql:host=localhost;port=3306;dbname=blog;charset=utf8
[ sql ] [ SQL ] SHOW COLUMNS FROM `zp_article` [ RunTime:0.001138s ]
[ sql ] [ SQL ] SELECT * FROM `zp_article` `a` INNER JOIN `zp_column` `c` ON `c`.`cid`=`a`.`columnid` ORDER BY `a`.`time` DESC LIMIT 0,6 [ RunTime:0.000808s ]
[ sql ] [ DB ] CONNECT:[ UseTime:0.000292s ] mysql:host=localhost;port=3306;dbname=blog;charset=utf8
[ sql ] [ SQL ] SELECT COUNT(*) AS tp_count FROM `zp_article` LIMIT 1 [ RunTime:0.000294s ]
---------------------------------------------------------------
[ 2018-12-09T14:49:23+08:00 ] 127.0.0.1 GET localhost/blog/public/apia/article/add?
[运行时间：0.073787s] [吞吐率：13.55req/s] [内存消耗：2,849.61kb] [文件加载：70]
[ info ] [ LANG ] /Applications/MAMP/htdocs/blog/thinkphp/lang/zh-cn.php
[ info ] [ ROUTE ] array (
)
[ info ] [ HEADER ] array (
  'cookie' => 'PHPSESSID=eher8m9ubffctihghjg41gtlaq',
  'accept-language' => 'zh-CN,zh;q=0.9',
  'accept-encoding' => 'gzip, deflate, br',
  'referer' => 'http://localhost:8080/',
  'user-agent' => 'Mozilla/5.0 (Macintosh; Intel Mac OS X 10_14_1) AppleWebKit/537.36 (KHTML, like Gecko) Chrome/69.0.3497.100 Safari/537.36 OPR/56.0.3051.116',
  'accept' => 'application/json, text/plain, */*',
  'connection' => 'close',
  'host' => 'localhost',
)
[ info ] [ PARAM ] array (
)
[ info ] [ DB ] INIT mysql
[ sql ] [ DB ] CONNECT:[ UseTime:0.000314s ] mysql:host=localhost;port=3306;dbname=blog;charset=utf8
[ sql ] [ SQL ] SHOW COLUMNS FROM `zp_column` [ RunTime:0.000556s ]
[ sql ] [ SQL ] SELECT * FROM `zp_column` [ RunTime:0.000252s ]
