---------------------------------------------------------------
[ 2018-11-21T17:13:39+08:00 ] ::1 GET localhost/blog/public/
[运行时间：0.058569s] [吞吐率：17.07req/s] [内存消耗：2,072.38kb] [文件加载：67]
[ info ] [ LANG ] /Applications/MAMP/htdocs/blog/thinkphp/lang/zh-cn.php
[ info ] [ ROUTE ] array (
)
[ info ] [ HEADER ] array (
  'host' => 'localhost',
  'connection' => 'keep-alive',
  'upgrade-insecure-requests' => '1',
  'user-agent' => 'Mozilla/5.0 (Macintosh; Intel Mac OS X 10_14_1) AppleWebKit/537.36 (KHTML, like Gecko) Chrome/69.0.3497.100 Safari/537.36 OPR/56.0.3051.104',
  'accept' => 'text/html,application/xhtml+xml,application/xml;q=0.9,image/webp,image/apng,*/*;q=0.8',
  'referer' => 'http://localhost/blog/',
  'accept-encoding' => 'gzip, deflate, br',
  'accept-language' => 'zh-CN,zh;q=0.9',
  'cookie' => 'PHPSESSID=b422dc2ad64b08b6d36e2830a0cc405a; Hm_lvt_7e7daffb3956e388262fc8df53cfb498=1542458526; Hm_lpvt_7e7daffb3956e388262fc8df53cfb498=1542458526; nb-referrer-hostname=localhost; nb-start-page-url=http%3A%2F%2Flocalhost%2Fscgkpx%2F; DedeUserID=1; lastCid=1; lastCid__ckMd5=60edb5ce099f3ab3; DedeUserID__ckMd5=83ff7cc6c95a1a02; DedeLoginTime=1542781849; DedeLoginTime__ckMd5=8697327afe2ded01',
)
[ info ] [ PARAM ] array (
)
[ info ] [ VIEW ] /Applications/MAMP/htdocs/blog/application/index/view/index/index.html [ array (
) ]
---------------------------------------------------------------
[ 2018-11-21T17:13:43+08:00 ] ::1 GET localhost/blog/public/admin
[运行时间：0.039136s] [吞吐率：25.55req/s] [内存消耗：2,138.00kb] [文件加载：72]
[ info ] [ LANG ] /Applications/MAMP/htdocs/blog/thinkphp/lang/zh-cn.php
[ info ] [ ROUTE ] array (
)
[ info ] [ HEADER ] array (
  'host' => 'localhost',
  'connection' => 'keep-alive',
  'upgrade-insecure-requests' => '1',
  'user-agent' => 'Mozilla/5.0 (Macintosh; Intel Mac OS X 10_14_1) AppleWebKit/537.36 (KHTML, like Gecko) Chrome/69.0.3497.100 Safari/537.36 OPR/56.0.3051.104',
  'accept' => 'text/html,application/xhtml+xml,application/xml;q=0.9,image/webp,image/apng,*/*;q=0.8',
  'accept-encoding' => 'gzip, deflate, br',
  'accept-language' => 'zh-CN,zh;q=0.9',
  'cookie' => 'PHPSESSID=b422dc2ad64b08b6d36e2830a0cc405a; Hm_lvt_7e7daffb3956e388262fc8df53cfb498=1542458526; Hm_lpvt_7e7daffb3956e388262fc8df53cfb498=1542458526; nb-referrer-hostname=localhost; nb-start-page-url=http%3A%2F%2Flocalhost%2Fscgkpx%2F; DedeUserID=1; lastCid=1; lastCid__ckMd5=60edb5ce099f3ab3; DedeUserID__ckMd5=83ff7cc6c95a1a02; DedeLoginTime=1542781849; DedeLoginTime__ckMd5=8697327afe2ded01',
)
[ info ] [ PARAM ] array (
)
[ info ] [ VIEW ] /Applications/MAMP/htdocs/blog/thinkphp/tpl/dispatch_jump.tpl [ array (
  0 => 'code',
  1 => 'msg',
  2 => 'data',
  3 => 'url',
  4 => 'wait',
) ]
---------------------------------------------------------------
[ 2018-11-21T17:13:46+08:00 ] ::1 GET localhost/blog/public/admin/login/index.html
[运行时间：0.036617s] [吞吐率：27.31req/s] [内存消耗：2,129.39kb] [文件加载：69]
[ info ] [ LANG ] /Applications/MAMP/htdocs/blog/thinkphp/lang/zh-cn.php
[ info ] [ ROUTE ] array (
)
[ info ] [ HEADER ] array (
  'host' => 'localhost',
  'connection' => 'keep-alive',
  'upgrade-insecure-requests' => '1',
  'user-agent' => 'Mozilla/5.0 (Macintosh; Intel Mac OS X 10_14_1) AppleWebKit/537.36 (KHTML, like Gecko) Chrome/69.0.3497.100 Safari/537.36 OPR/56.0.3051.104',
  'accept' => 'text/html,application/xhtml+xml,application/xml;q=0.9,image/webp,image/apng,*/*;q=0.8',
  'referer' => 'http://localhost/blog/public/admin',
  'accept-encoding' => 'gzip, deflate, br',
  'accept-language' => 'zh-CN,zh;q=0.9',
  'cookie' => 'PHPSESSID=b422dc2ad64b08b6d36e2830a0cc405a; Hm_lvt_7e7daffb3956e388262fc8df53cfb498=1542458526; Hm_lpvt_7e7daffb3956e388262fc8df53cfb498=1542458526; nb-referrer-hostname=localhost; nb-start-page-url=http%3A%2F%2Flocalhost%2Fscgkpx%2F; DedeUserID=1; lastCid=1; lastCid__ckMd5=60edb5ce099f3ab3; DedeUserID__ckMd5=83ff7cc6c95a1a02; DedeLoginTime=1542781849; DedeLoginTime__ckMd5=8697327afe2ded01',
)
[ info ] [ PARAM ] array (
)
[ info ] [ VIEW ] /Applications/MAMP/htdocs/blog/application/admin/view/login/index.html [ array (
) ]
---------------------------------------------------------------
[ 2018-11-21T17:13:47+08:00 ] ::1 GET localhost/blog/public/captcha.html
[运行时间：0.035598s] [吞吐率：28.09req/s] [内存消耗：1,433.73kb] [文件加载：54]
[ info ] [ LANG ] /Applications/MAMP/htdocs/blog/thinkphp/lang/zh-cn.php
[ info ] [ ROUTE ] array (
  'rule' => 'captcha/<id?>',
  'route' => '\\think\\captcha\\CaptchaController@index',
  'option' => 
  array (
    'merge_rule_regex' => false,
  ),
  'var' => 
  array (
  ),
)
[ info ] [ HEADER ] array (
  'host' => 'localhost',
  'connection' => 'keep-alive',
  'user-agent' => 'Mozilla/5.0 (Macintosh; Intel Mac OS X 10_14_1) AppleWebKit/537.36 (KHTML, like Gecko) Chrome/69.0.3497.100 Safari/537.36 OPR/56.0.3051.104',
  'accept' => 'image/webp,image/apng,image/*,*/*;q=0.8',
  'referer' => 'http://localhost/blog/public/admin/login/index.html',
  'accept-encoding' => 'gzip, deflate, br',
  'accept-language' => 'zh-CN,zh;q=0.9',
  'cookie' => 'PHPSESSID=b422dc2ad64b08b6d36e2830a0cc405a; Hm_lvt_7e7daffb3956e388262fc8df53cfb498=1542458526; Hm_lpvt_7e7daffb3956e388262fc8df53cfb498=1542458526; nb-referrer-hostname=localhost; nb-start-page-url=http%3A%2F%2Flocalhost%2Fscgkpx%2F; DedeUserID=1; lastCid=1; lastCid__ckMd5=60edb5ce099f3ab3; DedeUserID__ckMd5=83ff7cc6c95a1a02; DedeLoginTime=1542781849; DedeLoginTime__ckMd5=8697327afe2ded01',
)
[ info ] [ PARAM ] array (
)
---------------------------------------------------------------
[ 2018-11-21T17:13:53+08:00 ] ::1 GET localhost/blog/public/captcha.html
[运行时间：0.027346s] [吞吐率：36.57req/s] [内存消耗：1,433.88kb] [文件加载：54]
[ info ] [ LANG ] /Applications/MAMP/htdocs/blog/thinkphp/lang/zh-cn.php
[ info ] [ ROUTE ] array (
  'rule' => 'captcha/<id?>',
  'route' => '\\think\\captcha\\CaptchaController@index',
  'option' => 
  array (
    'merge_rule_regex' => false,
  ),
  'var' => 
  array (
  ),
)
[ info ] [ HEADER ] array (
  'host' => 'localhost',
  'connection' => 'keep-alive',
  'user-agent' => 'Mozilla/5.0 (Macintosh; Intel Mac OS X 10_14_1) AppleWebKit/537.36 (KHTML, like Gecko) Chrome/69.0.3497.100 Safari/537.36 OPR/56.0.3051.104',
  'accept' => 'image/webp,image/apng,image/*,*/*;q=0.8',
  'referer' => 'http://localhost/blog/public/admin/login/index.html',
  'accept-encoding' => 'gzip, deflate, br',
  'accept-language' => 'zh-CN,zh;q=0.9',
  'cookie' => 'PHPSESSID=b422dc2ad64b08b6d36e2830a0cc405a; Hm_lvt_7e7daffb3956e388262fc8df53cfb498=1542458526; Hm_lpvt_7e7daffb3956e388262fc8df53cfb498=1542458526; nb-referrer-hostname=localhost; nb-start-page-url=http%3A%2F%2Flocalhost%2Fscgkpx%2F; DedeUserID=1; lastCid=1; lastCid__ckMd5=60edb5ce099f3ab3; DedeUserID__ckMd5=83ff7cc6c95a1a02; DedeLoginTime=1542781849; DedeLoginTime__ckMd5=8697327afe2ded01',
)
[ info ] [ PARAM ] array (
)
---------------------------------------------------------------
[ 2018-11-21T17:13:54+08:00 ] ::1 GET localhost/blog/public/captcha.html
[运行时间：0.024859s] [吞吐率：40.23req/s] [内存消耗：1,433.88kb] [文件加载：54]
[ info ] [ LANG ] /Applications/MAMP/htdocs/blog/thinkphp/lang/zh-cn.php
[ info ] [ ROUTE ] array (
  'rule' => 'captcha/<id?>',
  'route' => '\\think\\captcha\\CaptchaController@index',
  'option' => 
  array (
    'merge_rule_regex' => false,
  ),
  'var' => 
  array (
  ),
)
[ info ] [ HEADER ] array (
  'host' => 'localhost',
  'connection' => 'keep-alive',
  'user-agent' => 'Mozilla/5.0 (Macintosh; Intel Mac OS X 10_14_1) AppleWebKit/537.36 (KHTML, like Gecko) Chrome/69.0.3497.100 Safari/537.36 OPR/56.0.3051.104',
  'accept' => 'image/webp,image/apng,image/*,*/*;q=0.8',
  'referer' => 'http://localhost/blog/public/admin/login/index.html',
  'accept-encoding' => 'gzip, deflate, br',
  'accept-language' => 'zh-CN,zh;q=0.9',
  'cookie' => 'PHPSESSID=b422dc2ad64b08b6d36e2830a0cc405a; Hm_lvt_7e7daffb3956e388262fc8df53cfb498=1542458526; Hm_lpvt_7e7daffb3956e388262fc8df53cfb498=1542458526; nb-referrer-hostname=localhost; nb-start-page-url=http%3A%2F%2Flocalhost%2Fscgkpx%2F; DedeUserID=1; lastCid=1; lastCid__ckMd5=60edb5ce099f3ab3; DedeUserID__ckMd5=83ff7cc6c95a1a02; DedeLoginTime=1542781849; DedeLoginTime__ckMd5=8697327afe2ded01',
)
[ info ] [ PARAM ] array (
)
---------------------------------------------------------------
[ 2018-11-21T17:13:58+08:00 ] ::1 POST localhost/blog/public/admin/login/index.html
[运行时间：0.209702s] [吞吐率：4.77req/s] [内存消耗：3,372.66kb] [文件加载：83]
[ info ] [ LANG ] /Applications/MAMP/htdocs/blog/thinkphp/lang/zh-cn.php
[ info ] [ ROUTE ] array (
)
[ info ] [ HEADER ] array (
  'host' => 'localhost',
  'connection' => 'keep-alive',
  'content-length' => '58',
  'cache-control' => 'max-age=0',
  'origin' => 'http://localhost',
  'upgrade-insecure-requests' => '1',
  'content-type' => 'application/x-www-form-urlencoded',
  'user-agent' => 'Mozilla/5.0 (Macintosh; Intel Mac OS X 10_14_1) AppleWebKit/537.36 (KHTML, like Gecko) Chrome/69.0.3497.100 Safari/537.36 OPR/56.0.3051.104',
  'accept' => 'text/html,application/xhtml+xml,application/xml;q=0.9,image/webp,image/apng,*/*;q=0.8',
  'referer' => 'http://localhost/blog/public/admin/login/index.html',
  'accept-encoding' => 'gzip, deflate, br',
  'accept-language' => 'zh-CN,zh;q=0.9',
  'cookie' => 'PHPSESSID=b422dc2ad64b08b6d36e2830a0cc405a; Hm_lvt_7e7daffb3956e388262fc8df53cfb498=1542458526; Hm_lpvt_7e7daffb3956e388262fc8df53cfb498=1542458526; nb-referrer-hostname=localhost; nb-start-page-url=http%3A%2F%2Flocalhost%2Fscgkpx%2F; DedeUserID=1; lastCid=1; lastCid__ckMd5=60edb5ce099f3ab3; DedeUserID__ckMd5=83ff7cc6c95a1a02; DedeLoginTime=1542781849; DedeLoginTime__ckMd5=8697327afe2ded01',
)
[ info ] [ PARAM ] array (
  'name' => '灰色调',
  'password' => '123456',
  'code' => 'ffnb',
)
[ info ] [ DB ] INIT mysql
[ info ] [ VIEW ] /Applications/MAMP/htdocs/blog/thinkphp/tpl/dispatch_jump.tpl [ array (
  0 => 'code',
  1 => 'msg',
  2 => 'data',
  3 => 'url',
  4 => 'wait',
) ]
[ sql ] [ DB ] CONNECT:[ UseTime:0.001794s ] mysql:host=localhost;port=3306;dbname=blog;charset=utf8
[ sql ] [ SQL ] SHOW COLUMNS FROM `zp_user` [ RunTime:0.057746s ]
[ sql ] [ SQL ] SELECT * FROM `zp_user` WHERE  `name` = '灰色调' LIMIT 1 [ RunTime:0.001207s ]
---------------------------------------------------------------
[ 2018-11-21T17:14:02+08:00 ] ::1 GET localhost/blog/public/admin/login/index.html
[运行时间：0.030630s] [吞吐率：32.65req/s] [内存消耗：2,129.39kb] [文件加载：69]
[ info ] [ LANG ] /Applications/MAMP/htdocs/blog/thinkphp/lang/zh-cn.php
[ info ] [ ROUTE ] array (
)
[ info ] [ HEADER ] array (
  'host' => 'localhost',
  'connection' => 'keep-alive',
  'upgrade-insecure-requests' => '1',
  'user-agent' => 'Mozilla/5.0 (Macintosh; Intel Mac OS X 10_14_1) AppleWebKit/537.36 (KHTML, like Gecko) Chrome/69.0.3497.100 Safari/537.36 OPR/56.0.3051.104',
  'accept' => 'text/html,application/xhtml+xml,application/xml;q=0.9,image/webp,image/apng,*/*;q=0.8',
  'referer' => 'http://localhost/blog/public/admin',
  'accept-encoding' => 'gzip, deflate, br',
  'accept-language' => 'zh-CN,zh;q=0.9',
  'cookie' => 'PHPSESSID=b422dc2ad64b08b6d36e2830a0cc405a; Hm_lvt_7e7daffb3956e388262fc8df53cfb498=1542458526; Hm_lpvt_7e7daffb3956e388262fc8df53cfb498=1542458526; nb-referrer-hostname=localhost; nb-start-page-url=http%3A%2F%2Flocalhost%2Fscgkpx%2F; DedeUserID=1; lastCid=1; lastCid__ckMd5=60edb5ce099f3ab3; DedeUserID__ckMd5=83ff7cc6c95a1a02; DedeLoginTime=1542781849; DedeLoginTime__ckMd5=8697327afe2ded01',
)
[ info ] [ PARAM ] array (
)
[ info ] [ VIEW ] /Applications/MAMP/htdocs/blog/application/admin/view/login/index.html [ array (
) ]
---------------------------------------------------------------
[ 2018-11-21T17:14:02+08:00 ] ::1 GET localhost/blog/public/captcha.html
[运行时间：0.027396s] [吞吐率：36.50req/s] [内存消耗：1,433.73kb] [文件加载：54]
[ info ] [ LANG ] /Applications/MAMP/htdocs/blog/thinkphp/lang/zh-cn.php
[ info ] [ ROUTE ] array (
  'rule' => 'captcha/<id?>',
  'route' => '\\think\\captcha\\CaptchaController@index',
  'option' => 
  array (
    'merge_rule_regex' => false,
  ),
  'var' => 
  array (
  ),
)
[ info ] [ HEADER ] array (
  'host' => 'localhost',
  'connection' => 'keep-alive',
  'user-agent' => 'Mozilla/5.0 (Macintosh; Intel Mac OS X 10_14_1) AppleWebKit/537.36 (KHTML, like Gecko) Chrome/69.0.3497.100 Safari/537.36 OPR/56.0.3051.104',
  'accept' => 'image/webp,image/apng,image/*,*/*;q=0.8',
  'referer' => 'http://localhost/blog/public/admin/login/index.html',
  'accept-encoding' => 'gzip, deflate, br',
  'accept-language' => 'zh-CN,zh;q=0.9',
  'cookie' => 'PHPSESSID=b422dc2ad64b08b6d36e2830a0cc405a; Hm_lvt_7e7daffb3956e388262fc8df53cfb498=1542458526; Hm_lpvt_7e7daffb3956e388262fc8df53cfb498=1542458526; nb-referrer-hostname=localhost; nb-start-page-url=http%3A%2F%2Flocalhost%2Fscgkpx%2F; DedeUserID=1; lastCid=1; lastCid__ckMd5=60edb5ce099f3ab3; DedeUserID__ckMd5=83ff7cc6c95a1a02; DedeLoginTime=1542781849; DedeLoginTime__ckMd5=8697327afe2ded01',
)
[ info ] [ PARAM ] array (
)
---------------------------------------------------------------
[ 2018-11-21T17:14:21+08:00 ] ::1 GET localhost/blog/public/captcha.html
[运行时间：0.025724s] [吞吐率：38.87req/s] [内存消耗：1,433.88kb] [文件加载：54]
[ info ] [ LANG ] /Applications/MAMP/htdocs/blog/thinkphp/lang/zh-cn.php
[ info ] [ ROUTE ] array (
  'rule' => 'captcha/<id?>',
  'route' => '\\think\\captcha\\CaptchaController@index',
  'option' => 
  array (
    'merge_rule_regex' => false,
  ),
  'var' => 
  array (
  ),
)
[ info ] [ HEADER ] array (
  'host' => 'localhost',
  'connection' => 'keep-alive',
  'user-agent' => 'Mozilla/5.0 (Macintosh; Intel Mac OS X 10_14_1) AppleWebKit/537.36 (KHTML, like Gecko) Chrome/69.0.3497.100 Safari/537.36 OPR/56.0.3051.104',
  'accept' => 'image/webp,image/apng,image/*,*/*;q=0.8',
  'referer' => 'http://localhost/blog/public/admin/login/index.html',
  'accept-encoding' => 'gzip, deflate, br',
  'accept-language' => 'zh-CN,zh;q=0.9',
  'cookie' => 'PHPSESSID=b422dc2ad64b08b6d36e2830a0cc405a; Hm_lvt_7e7daffb3956e388262fc8df53cfb498=1542458526; Hm_lpvt_7e7daffb3956e388262fc8df53cfb498=1542458526; nb-referrer-hostname=localhost; nb-start-page-url=http%3A%2F%2Flocalhost%2Fscgkpx%2F; DedeUserID=1; lastCid=1; lastCid__ckMd5=60edb5ce099f3ab3; DedeUserID__ckMd5=83ff7cc6c95a1a02; DedeLoginTime=1542781849; DedeLoginTime__ckMd5=8697327afe2ded01',
)
[ info ] [ PARAM ] array (
)
---------------------------------------------------------------
[ 2018-11-21T17:14:25+08:00 ] ::1 POST localhost/blog/public/admin/login/index.html
[运行时间：0.038367s] [吞吐率：26.06req/s] [内存消耗：2,411.09kb] [文件加载：78]
[ info ] [ LANG ] /Applications/MAMP/htdocs/blog/thinkphp/lang/zh-cn.php
[ info ] [ ROUTE ] array (
)
[ info ] [ HEADER ] array (
  'host' => 'localhost',
  'connection' => 'keep-alive',
  'content-length' => '55',
  'cache-control' => 'max-age=0',
  'origin' => 'http://localhost',
  'upgrade-insecure-requests' => '1',
  'content-type' => 'application/x-www-form-urlencoded',
  'user-agent' => 'Mozilla/5.0 (Macintosh; Intel Mac OS X 10_14_1) AppleWebKit/537.36 (KHTML, like Gecko) Chrome/69.0.3497.100 Safari/537.36 OPR/56.0.3051.104',
  'accept' => 'text/html,application/xhtml+xml,application/xml;q=0.9,image/webp,image/apng,*/*;q=0.8',
  'referer' => 'http://localhost/blog/public/admin/login/index.html',
  'accept-encoding' => 'gzip, deflate, br',
  'accept-language' => 'zh-CN,zh;q=0.9',
  'cookie' => 'PHPSESSID=b422dc2ad64b08b6d36e2830a0cc405a; Hm_lvt_7e7daffb3956e388262fc8df53cfb498=1542458526; Hm_lpvt_7e7daffb3956e388262fc8df53cfb498=1542458526; nb-referrer-hostname=localhost; nb-start-page-url=http%3A%2F%2Flocalhost%2Fscgkpx%2F; DedeUserID=1; lastCid=1; lastCid__ckMd5=60edb5ce099f3ab3; DedeUserID__ckMd5=83ff7cc6c95a1a02; DedeLoginTime=1542781849; DedeLoginTime__ckMd5=8697327afe2ded01',
)
[ info ] [ PARAM ] array (
  'name' => '灰色调',
  'password' => '123',
  'code' => '5afv',
)
[ info ] [ VIEW ] /Applications/MAMP/htdocs/blog/thinkphp/tpl/dispatch_jump.tpl [ array (
  0 => 'code',
  1 => 'msg',
  2 => 'data',
  3 => 'url',
  4 => 'wait',
) ]
---------------------------------------------------------------
[ 2018-11-21T17:14:28+08:00 ] ::1 GET localhost/blog/public/admin/login/index.html
[运行时间：0.028944s] [吞吐率：34.55req/s] [内存消耗：2,129.41kb] [文件加载：69]
[ info ] [ LANG ] /Applications/MAMP/htdocs/blog/thinkphp/lang/zh-cn.php
[ info ] [ ROUTE ] array (
)
[ info ] [ HEADER ] array (
  'host' => 'localhost',
  'connection' => 'keep-alive',
  'upgrade-insecure-requests' => '1',
  'user-agent' => 'Mozilla/5.0 (Macintosh; Intel Mac OS X 10_14_1) AppleWebKit/537.36 (KHTML, like Gecko) Chrome/69.0.3497.100 Safari/537.36 OPR/56.0.3051.104',
  'accept' => 'text/html,application/xhtml+xml,application/xml;q=0.9,image/webp,image/apng,*/*;q=0.8',
  'referer' => 'http://localhost/blog/public/admin/login/index.html',
  'accept-encoding' => 'gzip, deflate, br',
  'accept-language' => 'zh-CN,zh;q=0.9',
  'cookie' => 'PHPSESSID=b422dc2ad64b08b6d36e2830a0cc405a; Hm_lvt_7e7daffb3956e388262fc8df53cfb498=1542458526; Hm_lpvt_7e7daffb3956e388262fc8df53cfb498=1542458526; nb-referrer-hostname=localhost; nb-start-page-url=http%3A%2F%2Flocalhost%2Fscgkpx%2F; DedeUserID=1; lastCid=1; lastCid__ckMd5=60edb5ce099f3ab3; DedeUserID__ckMd5=83ff7cc6c95a1a02; DedeLoginTime=1542781849; DedeLoginTime__ckMd5=8697327afe2ded01',
)
[ info ] [ PARAM ] array (
)
[ info ] [ VIEW ] /Applications/MAMP/htdocs/blog/application/admin/view/login/index.html [ array (
) ]
---------------------------------------------------------------
[ 2018-11-21T17:14:28+08:00 ] ::1 GET localhost/blog/public/captcha.html
[运行时间：0.026227s] [吞吐率：38.13req/s] [内存消耗：1,433.88kb] [文件加载：54]
[ info ] [ LANG ] /Applications/MAMP/htdocs/blog/thinkphp/lang/zh-cn.php
[ info ] [ ROUTE ] array (
  'rule' => 'captcha/<id?>',
  'route' => '\\think\\captcha\\CaptchaController@index',
  'option' => 
  array (
    'merge_rule_regex' => false,
  ),
  'var' => 
  array (
  ),
)
[ info ] [ HEADER ] array (
  'host' => 'localhost',
  'connection' => 'keep-alive',
  'user-agent' => 'Mozilla/5.0 (Macintosh; Intel Mac OS X 10_14_1) AppleWebKit/537.36 (KHTML, like Gecko) Chrome/69.0.3497.100 Safari/537.36 OPR/56.0.3051.104',
  'accept' => 'image/webp,image/apng,image/*,*/*;q=0.8',
  'referer' => 'http://localhost/blog/public/admin/login/index.html',
  'accept-encoding' => 'gzip, deflate, br',
  'accept-language' => 'zh-CN,zh;q=0.9',
  'cookie' => 'PHPSESSID=b422dc2ad64b08b6d36e2830a0cc405a; Hm_lvt_7e7daffb3956e388262fc8df53cfb498=1542458526; Hm_lpvt_7e7daffb3956e388262fc8df53cfb498=1542458526; nb-referrer-hostname=localhost; nb-start-page-url=http%3A%2F%2Flocalhost%2Fscgkpx%2F; DedeUserID=1; lastCid=1; lastCid__ckMd5=60edb5ce099f3ab3; DedeUserID__ckMd5=83ff7cc6c95a1a02; DedeLoginTime=1542781849; DedeLoginTime__ckMd5=8697327afe2ded01',
)
[ info ] [ PARAM ] array (
)
---------------------------------------------------------------
[ 2018-11-21T17:14:31+08:00 ] ::1 GET localhost/blog/public/captcha.html
[运行时间：0.024071s] [吞吐率：41.54req/s] [内存消耗：1,433.88kb] [文件加载：54]
[ info ] [ LANG ] /Applications/MAMP/htdocs/blog/thinkphp/lang/zh-cn.php
[ info ] [ ROUTE ] array (
  'rule' => 'captcha/<id?>',
  'route' => '\\think\\captcha\\CaptchaController@index',
  'option' => 
  array (
    'merge_rule_regex' => false,
  ),
  'var' => 
  array (
  ),
)
[ info ] [ HEADER ] array (
  'host' => 'localhost',
  'connection' => 'keep-alive',
  'user-agent' => 'Mozilla/5.0 (Macintosh; Intel Mac OS X 10_14_1) AppleWebKit/537.36 (KHTML, like Gecko) Chrome/69.0.3497.100 Safari/537.36 OPR/56.0.3051.104',
  'accept' => 'image/webp,image/apng,image/*,*/*;q=0.8',
  'referer' => 'http://localhost/blog/public/admin/login/index.html',
  'accept-encoding' => 'gzip, deflate, br',
  'accept-language' => 'zh-CN,zh;q=0.9',
  'cookie' => 'PHPSESSID=b422dc2ad64b08b6d36e2830a0cc405a; Hm_lvt_7e7daffb3956e388262fc8df53cfb498=1542458526; Hm_lpvt_7e7daffb3956e388262fc8df53cfb498=1542458526; nb-referrer-hostname=localhost; nb-start-page-url=http%3A%2F%2Flocalhost%2Fscgkpx%2F; DedeUserID=1; lastCid=1; lastCid__ckMd5=60edb5ce099f3ab3; DedeUserID__ckMd5=83ff7cc6c95a1a02; DedeLoginTime=1542781849; DedeLoginTime__ckMd5=8697327afe2ded01',
)
[ info ] [ PARAM ] array (
)
---------------------------------------------------------------
[ 2018-11-21T17:14:34+08:00 ] ::1 POST localhost/blog/public/admin/login/index.html
[运行时间：0.049499s] [吞吐率：20.20req/s] [内存消耗：3,428.94kb] [文件加载：84]
[ info ] [ LANG ] /Applications/MAMP/htdocs/blog/thinkphp/lang/zh-cn.php
[ info ] [ ROUTE ] array (
)
[ info ] [ HEADER ] array (
  'host' => 'localhost',
  'connection' => 'keep-alive',
  'content-length' => '55',
  'cache-control' => 'max-age=0',
  'origin' => 'http://localhost',
  'upgrade-insecure-requests' => '1',
  'content-type' => 'application/x-www-form-urlencoded',
  'user-agent' => 'Mozilla/5.0 (Macintosh; Intel Mac OS X 10_14_1) AppleWebKit/537.36 (KHTML, like Gecko) Chrome/69.0.3497.100 Safari/537.36 OPR/56.0.3051.104',
  'accept' => 'text/html,application/xhtml+xml,application/xml;q=0.9,image/webp,image/apng,*/*;q=0.8',
  'referer' => 'http://localhost/blog/public/admin/login/index.html',
  'accept-encoding' => 'gzip, deflate, br',
  'accept-language' => 'zh-CN,zh;q=0.9',
  'cookie' => 'PHPSESSID=b422dc2ad64b08b6d36e2830a0cc405a; Hm_lvt_7e7daffb3956e388262fc8df53cfb498=1542458526; Hm_lpvt_7e7daffb3956e388262fc8df53cfb498=1542458526; nb-referrer-hostname=localhost; nb-start-page-url=http%3A%2F%2Flocalhost%2Fscgkpx%2F; DedeUserID=1; lastCid=1; lastCid__ckMd5=60edb5ce099f3ab3; DedeUserID__ckMd5=83ff7cc6c95a1a02; DedeLoginTime=1542781849; DedeLoginTime__ckMd5=8697327afe2ded01',
)
[ info ] [ PARAM ] array (
  'name' => '灰色调',
  'password' => '123',
  'code' => 'cvwi',
)
[ info ] [ DB ] INIT mysql
[ info ] [ VIEW ] /Applications/MAMP/htdocs/blog/thinkphp/tpl/dispatch_jump.tpl [ array (
  0 => 'code',
  1 => 'msg',
  2 => 'data',
  3 => 'url',
  4 => 'wait',
) ]
[ sql ] [ DB ] CONNECT:[ UseTime:0.000522s ] mysql:host=localhost;port=3306;dbname=blog;charset=utf8
[ sql ] [ SQL ] SHOW COLUMNS FROM `zp_user` [ RunTime:0.000706s ]
[ sql ] [ SQL ] SELECT * FROM `zp_user` WHERE  `name` = '灰色调' LIMIT 1 [ RunTime:0.000332s ]
---------------------------------------------------------------
[ 2018-11-21T17:14:37+08:00 ] ::1 GET localhost/blog/public/admin/index/index.html
[运行时间：0.040509s] [吞吐率：24.69req/s] [内存消耗：2,152.41kb] [文件加载：71]
[ info ] [ LANG ] /Applications/MAMP/htdocs/blog/thinkphp/lang/zh-cn.php
[ info ] [ ROUTE ] array (
)
[ info ] [ HEADER ] array (
  'host' => 'localhost',
  'connection' => 'keep-alive',
  'upgrade-insecure-requests' => '1',
  'user-agent' => 'Mozilla/5.0 (Macintosh; Intel Mac OS X 10_14_1) AppleWebKit/537.36 (KHTML, like Gecko) Chrome/69.0.3497.100 Safari/537.36 OPR/56.0.3051.104',
  'accept' => 'text/html,application/xhtml+xml,application/xml;q=0.9,image/webp,image/apng,*/*;q=0.8',
  'referer' => 'http://localhost/blog/public/admin/login/index.html',
  'accept-encoding' => 'gzip, deflate, br',
  'accept-language' => 'zh-CN,zh;q=0.9',
  'cookie' => 'PHPSESSID=b422dc2ad64b08b6d36e2830a0cc405a; Hm_lvt_7e7daffb3956e388262fc8df53cfb498=1542458526; Hm_lpvt_7e7daffb3956e388262fc8df53cfb498=1542458526; nb-referrer-hostname=localhost; nb-start-page-url=http%3A%2F%2Flocalhost%2Fscgkpx%2F; DedeUserID=1; lastCid=1; lastCid__ckMd5=60edb5ce099f3ab3; DedeUserID__ckMd5=83ff7cc6c95a1a02; DedeLoginTime=1542781849; DedeLoginTime__ckMd5=8697327afe2ded01',
)
[ info ] [ PARAM ] array (
)
[ info ] [ VIEW ] /Applications/MAMP/htdocs/blog/application/admin/view/index/index.html [ array (
) ]
---------------------------------------------------------------
[ 2018-11-21T17:14:38+08:00 ] ::1 GET localhost/blog/public/admin/console/index.html
[运行时间：0.039239s] [吞吐率：25.48req/s] [内存消耗：2,031.58kb] [文件加载：69]
[ info ] [ LANG ] /Applications/MAMP/htdocs/blog/thinkphp/lang/zh-cn.php
[ info ] [ ROUTE ] array (
)
[ info ] [ HEADER ] array (
  'host' => 'localhost',
  'connection' => 'keep-alive',
  'upgrade-insecure-requests' => '1',
  'user-agent' => 'Mozilla/5.0 (Macintosh; Intel Mac OS X 10_14_1) AppleWebKit/537.36 (KHTML, like Gecko) Chrome/69.0.3497.100 Safari/537.36 OPR/56.0.3051.104',
  'accept' => 'text/html,application/xhtml+xml,application/xml;q=0.9,image/webp,image/apng,*/*;q=0.8',
  'referer' => 'http://localhost/blog/public/admin/index/index.html',
  'accept-encoding' => 'gzip, deflate, br',
  'accept-language' => 'zh-CN,zh;q=0.9',
  'cookie' => 'PHPSESSID=b422dc2ad64b08b6d36e2830a0cc405a; Hm_lvt_7e7daffb3956e388262fc8df53cfb498=1542458526; Hm_lpvt_7e7daffb3956e388262fc8df53cfb498=1542458526; nb-referrer-hostname=localhost; nb-start-page-url=http%3A%2F%2Flocalhost%2Fscgkpx%2F; DedeUserID=1; lastCid=1; lastCid__ckMd5=60edb5ce099f3ab3; DedeUserID__ckMd5=83ff7cc6c95a1a02; DedeLoginTime=1542781849; DedeLoginTime__ckMd5=8697327afe2ded01',
)
[ info ] [ PARAM ] array (
)
[ info ] [ VIEW ] /Applications/MAMP/htdocs/blog/application/admin/view/console/index.html [ array (
) ]
---------------------------------------------------------------
[ 2018-11-21T17:14:41+08:00 ] ::1 GET localhost/blog/public/admin/column/index.html
[运行时间：0.054874s] [吞吐率：18.22req/s] [内存消耗：3,151.10kb] [文件加载：79]
[ info ] [ LANG ] /Applications/MAMP/htdocs/blog/thinkphp/lang/zh-cn.php
[ info ] [ ROUTE ] array (
)
[ info ] [ HEADER ] array (
  'host' => 'localhost',
  'connection' => 'keep-alive',
  'upgrade-insecure-requests' => '1',
  'user-agent' => 'Mozilla/5.0 (Macintosh; Intel Mac OS X 10_14_1) AppleWebKit/537.36 (KHTML, like Gecko) Chrome/69.0.3497.100 Safari/537.36 OPR/56.0.3051.104',
  'accept' => 'text/html,application/xhtml+xml,application/xml;q=0.9,image/webp,image/apng,*/*;q=0.8',
  'referer' => 'http://localhost/blog/public/admin/index/index.html',
  'accept-encoding' => 'gzip, deflate, br',
  'accept-language' => 'zh-CN,zh;q=0.9',
  'cookie' => 'PHPSESSID=b422dc2ad64b08b6d36e2830a0cc405a; Hm_lvt_7e7daffb3956e388262fc8df53cfb498=1542458526; Hm_lpvt_7e7daffb3956e388262fc8df53cfb498=1542458526; nb-referrer-hostname=localhost; nb-start-page-url=http%3A%2F%2Flocalhost%2Fscgkpx%2F; DedeUserID=1; lastCid=1; lastCid__ckMd5=60edb5ce099f3ab3; DedeUserID__ckMd5=83ff7cc6c95a1a02; DedeLoginTime=1542781849; DedeLoginTime__ckMd5=8697327afe2ded01',
)
[ info ] [ PARAM ] array (
)
[ info ] [ DB ] INIT mysql
[ info ] [ VIEW ] /Applications/MAMP/htdocs/blog/application/admin/view/column/index.html [ array (
  0 => 'list',
) ]
[ sql ] [ DB ] CONNECT:[ UseTime:0.000397s ] mysql:host=localhost;port=3306;dbname=blog;charset=utf8
[ sql ] [ SQL ] SHOW COLUMNS FROM `zp_column` [ RunTime:0.000668s ]
[ sql ] [ SQL ] SELECT COUNT(*) AS tp_count FROM `zp_column` LIMIT 1 [ RunTime:0.000254s ]
[ sql ] [ SQL ] SELECT * FROM `zp_column` LIMIT 0,10 [ RunTime:0.000234s ]
---------------------------------------------------------------
[ 2018-11-21T17:14:44+08:00 ] ::1 GET localhost/blog/public/admin/article/index.html
[运行时间：0.064562s] [吞吐率：15.49req/s] [内存消耗：3,607.21kb] [文件加载：91]
[ info ] [ LANG ] /Applications/MAMP/htdocs/blog/thinkphp/lang/zh-cn.php
[ info ] [ ROUTE ] array (
)
[ info ] [ HEADER ] array (
  'host' => 'localhost',
  'connection' => 'keep-alive',
  'upgrade-insecure-requests' => '1',
  'user-agent' => 'Mozilla/5.0 (Macintosh; Intel Mac OS X 10_14_1) AppleWebKit/537.36 (KHTML, like Gecko) Chrome/69.0.3497.100 Safari/537.36 OPR/56.0.3051.104',
  'accept' => 'text/html,application/xhtml+xml,application/xml;q=0.9,image/webp,image/apng,*/*;q=0.8',
  'referer' => 'http://localhost/blog/public/admin/index/index.html',
  'accept-encoding' => 'gzip, deflate, br',
  'accept-language' => 'zh-CN,zh;q=0.9',
  'cookie' => 'PHPSESSID=b422dc2ad64b08b6d36e2830a0cc405a; Hm_lvt_7e7daffb3956e388262fc8df53cfb498=1542458526; Hm_lpvt_7e7daffb3956e388262fc8df53cfb498=1542458526; nb-referrer-hostname=localhost; nb-start-page-url=http%3A%2F%2Flocalhost%2Fscgkpx%2F; DedeUserID=1; lastCid=1; lastCid__ckMd5=60edb5ce099f3ab3; DedeUserID__ckMd5=83ff7cc6c95a1a02; DedeLoginTime=1542781849; DedeLoginTime__ckMd5=8697327afe2ded01',
)
[ info ] [ PARAM ] array (
)
[ info ] [ DB ] INIT mysql
[ info ] [ VIEW ] /Applications/MAMP/htdocs/blog/application/admin/view/article/index.html [ array (
  0 => 'list',
) ]
[ sql ] [ DB ] CONNECT:[ UseTime:0.000472s ] mysql:host=localhost;port=3306;dbname=blog;charset=utf8
[ sql ] [ SQL ] SHOW COLUMNS FROM `zp_article` [ RunTime:0.000768s ]
[ sql ] [ SQL ] SELECT COUNT(*) AS tp_count FROM `zp_article` LIMIT 1 [ RunTime:0.000228s ]
[ sql ] [ SQL ] SELECT * FROM `zp_article` LIMIT 0,5 [ RunTime:0.000295s ]
[ sql ] [ SQL ] SHOW COLUMNS FROM `zp_column` [ RunTime:0.000545s ]
[ sql ] [ SQL ] SELECT * FROM `zp_column` WHERE  `id` = 2 LIMIT 1 [ RunTime:0.000273s ]
[ sql ] [ SQL ] SELECT * FROM `zp_column` WHERE  `id` = 3 LIMIT 1 [ RunTime:0.000471s ]
[ sql ] [ SQL ] SELECT * FROM `zp_column` WHERE  `id` = 2 LIMIT 1 [ RunTime:0.000265s ]
---------------------------------------------------------------
[ 2018-11-21T17:14:46+08:00 ] ::1 GET localhost/blog/public/admin/form/index.html
[运行时间：0.041254s] [吞吐率：24.24req/s] [内存消耗：2,031.54kb] [文件加载：69]
[ info ] [ LANG ] /Applications/MAMP/htdocs/blog/thinkphp/lang/zh-cn.php
[ info ] [ ROUTE ] array (
)
[ info ] [ HEADER ] array (
  'host' => 'localhost',
  'connection' => 'keep-alive',
  'upgrade-insecure-requests' => '1',
  'user-agent' => 'Mozilla/5.0 (Macintosh; Intel Mac OS X 10_14_1) AppleWebKit/537.36 (KHTML, like Gecko) Chrome/69.0.3497.100 Safari/537.36 OPR/56.0.3051.104',
  'accept' => 'text/html,application/xhtml+xml,application/xml;q=0.9,image/webp,image/apng,*/*;q=0.8',
  'referer' => 'http://localhost/blog/public/admin/index/index.html',
  'accept-encoding' => 'gzip, deflate, br',
  'accept-language' => 'zh-CN,zh;q=0.9',
  'cookie' => 'PHPSESSID=b422dc2ad64b08b6d36e2830a0cc405a; Hm_lvt_7e7daffb3956e388262fc8df53cfb498=1542458526; Hm_lpvt_7e7daffb3956e388262fc8df53cfb498=1542458526; nb-referrer-hostname=localhost; nb-start-page-url=http%3A%2F%2Flocalhost%2Fscgkpx%2F; DedeUserID=1; lastCid=1; lastCid__ckMd5=60edb5ce099f3ab3; DedeUserID__ckMd5=83ff7cc6c95a1a02; DedeLoginTime=1542781849; DedeLoginTime__ckMd5=8697327afe2ded01',
)
[ info ] [ PARAM ] array (
)
[ info ] [ VIEW ] /Applications/MAMP/htdocs/blog/application/admin/view/form/index.html [ array (
) ]
---------------------------------------------------------------
[ 2018-11-21T17:14:50+08:00 ] ::1 GET localhost/blog/public/admin/index/login.html
[运行时间：0.034725s] [吞吐率：28.80req/s] [内存消耗：1,924.82kb] [文件加载：70]
[ info ] [ LANG ] /Applications/MAMP/htdocs/blog/thinkphp/lang/zh-cn.php
[ info ] [ ROUTE ] array (
)
[ info ] [ HEADER ] array (
  'host' => 'localhost',
  'connection' => 'keep-alive',
  'upgrade-insecure-requests' => '1',
  'user-agent' => 'Mozilla/5.0 (Macintosh; Intel Mac OS X 10_14_1) AppleWebKit/537.36 (KHTML, like Gecko) Chrome/69.0.3497.100 Safari/537.36 OPR/56.0.3051.104',
  'accept' => 'text/html,application/xhtml+xml,application/xml;q=0.9,image/webp,image/apng,*/*;q=0.8',
  'referer' => 'http://localhost/blog/public/admin/index/index.html',
  'accept-encoding' => 'gzip, deflate, br',
  'accept-language' => 'zh-CN,zh;q=0.9',
  'cookie' => 'PHPSESSID=b422dc2ad64b08b6d36e2830a0cc405a; Hm_lvt_7e7daffb3956e388262fc8df53cfb498=1542458526; Hm_lpvt_7e7daffb3956e388262fc8df53cfb498=1542458526; nb-referrer-hostname=localhost; nb-start-page-url=http%3A%2F%2Flocalhost%2Fscgkpx%2F; DedeUserID=1; lastCid=1; lastCid__ckMd5=60edb5ce099f3ab3; DedeUserID__ckMd5=83ff7cc6c95a1a02; DedeLoginTime=1542781849; DedeLoginTime__ckMd5=8697327afe2ded01',
)
[ info ] [ PARAM ] array (
)
---------------------------------------------------------------
[ 2018-11-21T17:14:56+08:00 ] ::1 GET localhost/blog/public/admin/article/add/id/1.html
[运行时间：0.055555s] [吞吐率：18.00req/s] [内存消耗：3,064.45kb] [文件加载：76]
[ info ] [ LANG ] /Applications/MAMP/htdocs/blog/thinkphp/lang/zh-cn.php
[ info ] [ ROUTE ] array (
)
[ info ] [ HEADER ] array (
  'host' => 'localhost',
  'connection' => 'keep-alive',
  'upgrade-insecure-requests' => '1',
  'user-agent' => 'Mozilla/5.0 (Macintosh; Intel Mac OS X 10_14_1) AppleWebKit/537.36 (KHTML, like Gecko) Chrome/69.0.3497.100 Safari/537.36 OPR/56.0.3051.104',
  'accept' => 'text/html,application/xhtml+xml,application/xml;q=0.9,image/webp,image/apng,*/*;q=0.8',
  'referer' => 'http://localhost/blog/public/admin/article/index.html',
  'accept-encoding' => 'gzip, deflate, br',
  'accept-language' => 'zh-CN,zh;q=0.9',
  'cookie' => 'PHPSESSID=b422dc2ad64b08b6d36e2830a0cc405a; Hm_lvt_7e7daffb3956e388262fc8df53cfb498=1542458526; Hm_lpvt_7e7daffb3956e388262fc8df53cfb498=1542458526; nb-referrer-hostname=localhost; nb-start-page-url=http%3A%2F%2Flocalhost%2Fscgkpx%2F; DedeUserID=1; lastCid=1; lastCid__ckMd5=60edb5ce099f3ab3; DedeUserID__ckMd5=83ff7cc6c95a1a02; DedeLoginTime=1542781849; DedeLoginTime__ckMd5=8697327afe2ded01',
)
[ info ] [ PARAM ] array (
  'id' => '1',
)
[ info ] [ DB ] INIT mysql
[ info ] [ VIEW ] /Applications/MAMP/htdocs/blog/application/admin/view/article/add.html [ array (
  0 => 'columns',
) ]
[ sql ] [ DB ] CONNECT:[ UseTime:0.000369s ] mysql:host=localhost;port=3306;dbname=blog;charset=utf8
[ sql ] [ SQL ] SHOW COLUMNS FROM `zp_column` [ RunTime:0.000742s ]
[ sql ] [ SQL ] SELECT * FROM `zp_column` [ RunTime:0.000251s ]
---------------------------------------------------------------
[ 2018-11-21T17:15:36+08:00 ] ::1 GET localhost/blog/public/admin/article/index.html
[运行时间：0.058483s] [吞吐率：17.10req/s] [内存消耗：3,607.21kb] [文件加载：91]
[ info ] [ LANG ] /Applications/MAMP/htdocs/blog/thinkphp/lang/zh-cn.php
[ info ] [ ROUTE ] array (
)
[ info ] [ HEADER ] array (
  'host' => 'localhost',
  'connection' => 'keep-alive',
  'upgrade-insecure-requests' => '1',
  'user-agent' => 'Mozilla/5.0 (Macintosh; Intel Mac OS X 10_14_1) AppleWebKit/537.36 (KHTML, like Gecko) Chrome/69.0.3497.100 Safari/537.36 OPR/56.0.3051.104',
  'accept' => 'text/html,application/xhtml+xml,application/xml;q=0.9,image/webp,image/apng,*/*;q=0.8',
  'referer' => 'http://localhost/blog/public/admin/index/index.html',
  'accept-encoding' => 'gzip, deflate, br',
  'accept-language' => 'zh-CN,zh;q=0.9',
  'cookie' => 'PHPSESSID=b422dc2ad64b08b6d36e2830a0cc405a; Hm_lvt_7e7daffb3956e388262fc8df53cfb498=1542458526; Hm_lpvt_7e7daffb3956e388262fc8df53cfb498=1542458526; nb-referrer-hostname=localhost; nb-start-page-url=http%3A%2F%2Flocalhost%2Fscgkpx%2F; DedeUserID=1; lastCid=1; lastCid__ckMd5=60edb5ce099f3ab3; DedeUserID__ckMd5=83ff7cc6c95a1a02; DedeLoginTime=1542781849; DedeLoginTime__ckMd5=8697327afe2ded01',
)
[ info ] [ PARAM ] array (
)
[ info ] [ DB ] INIT mysql
[ info ] [ VIEW ] /Applications/MAMP/htdocs/blog/application/admin/view/article/index.html [ array (
  0 => 'list',
) ]
[ sql ] [ DB ] CONNECT:[ UseTime:0.000462s ] mysql:host=localhost;port=3306;dbname=blog;charset=utf8
[ sql ] [ SQL ] SHOW COLUMNS FROM `zp_article` [ RunTime:0.001042s ]
[ sql ] [ SQL ] SELECT COUNT(*) AS tp_count FROM `zp_article` LIMIT 1 [ RunTime:0.000234s ]
[ sql ] [ SQL ] SELECT * FROM `zp_article` LIMIT 0,5 [ RunTime:0.000299s ]
[ sql ] [ SQL ] SHOW COLUMNS FROM `zp_column` [ RunTime:0.000505s ]
[ sql ] [ SQL ] SELECT * FROM `zp_column` WHERE  `id` = 2 LIMIT 1 [ RunTime:0.000247s ]
[ sql ] [ SQL ] SELECT * FROM `zp_column` WHERE  `id` = 3 LIMIT 1 [ RunTime:0.000227s ]
[ sql ] [ SQL ] SELECT * FROM `zp_column` WHERE  `id` = 2 LIMIT 1 [ RunTime:0.000206s ]
---------------------------------------------------------------
[ 2018-11-21T17:16:28+08:00 ] ::1 GET localhost/blog/public/
[运行时间：0.052343s] [吞吐率：19.10req/s] [内存消耗：2,071.99kb] [文件加载：67]
[ info ] [ LANG ] /Applications/MAMP/htdocs/blog/thinkphp/lang/zh-cn.php
[ info ] [ ROUTE ] array (
)
[ info ] [ HEADER ] array (
  'host' => 'localhost',
  'connection' => 'keep-alive',
  'upgrade-insecure-requests' => '1',
  'user-agent' => 'Mozilla/5.0 (Macintosh; Intel Mac OS X 10_14_1) AppleWebKit/537.36 (KHTML, like Gecko) Chrome/69.0.3497.100 Safari/537.36 OPR/56.0.3051.104',
  'accept' => 'text/html,application/xhtml+xml,application/xml;q=0.9,image/webp,image/apng,*/*;q=0.8',
  'accept-encoding' => 'gzip, deflate, br',
  'accept-language' => 'zh-CN,zh;q=0.9',
  'cookie' => 'PHPSESSID=b422dc2ad64b08b6d36e2830a0cc405a; Hm_lvt_7e7daffb3956e388262fc8df53cfb498=1542458526; Hm_lpvt_7e7daffb3956e388262fc8df53cfb498=1542458526; nb-referrer-hostname=localhost; nb-start-page-url=http%3A%2F%2Flocalhost%2Fscgkpx%2F; DedeUserID=1; lastCid=1; lastCid__ckMd5=60edb5ce099f3ab3; DedeUserID__ckMd5=83ff7cc6c95a1a02; DedeLoginTime=1542781849; DedeLoginTime__ckMd5=8697327afe2ded01',
)
[ info ] [ PARAM ] array (
)
[ info ] [ VIEW ] /Applications/MAMP/htdocs/blog/application/index/view/index/index.html [ array (
) ]
